[2021-09-15 00:11:19.085] [exthost] [info] extension host started
[2021-09-15 00:11:19.100] [exthost] [info] Lock '/home/chrispro-1/.vscode-server/data/User/workspaceStorage/54858275c87b4889fa2c1e99945272fc/vscode.lock': Lock acquired.
[2021-09-15 00:11:19.153] [exthost] [info] ExtensionService#_doActivateExtension vscode.debug-auto-launch {"startup":true,"extensionId":{"value":"vscode.debug-auto-launch","_lower":"vscode.debug-auto-launch"},"activationEvent":"*"}
[2021-09-15 00:11:19.153] [exthost] [info] ExtensionService#loadCommonJSModule file:///home/chrispro-1/.vscode-server/bin/e7d7e9a9348e6a8cc8c03f877d39cb72e5dfb1ff/extensions/debug-auto-launch/dist/extension
[2021-09-15 00:11:19.158] [exthost] [info] ExtensionService#_doActivateExtension vscode.git {"startup":true,"extensionId":{"value":"vscode.github","_lower":"vscode.github"},"activationEvent":"*"}
[2021-09-15 00:11:19.158] [exthost] [info] ExtensionService#loadCommonJSModule file:///home/chrispro-1/.vscode-server/bin/e7d7e9a9348e6a8cc8c03f877d39cb72e5dfb1ff/extensions/git/dist/main
[2021-09-15 00:11:19.374] [exthost] [info] ExtensionService#_doActivateExtension vscode.github {"startup":true,"extensionId":{"value":"vscode.github","_lower":"vscode.github"},"activationEvent":"*"}
[2021-09-15 00:11:19.375] [exthost] [info] ExtensionService#loadCommonJSModule file:///home/chrispro-1/.vscode-server/bin/e7d7e9a9348e6a8cc8c03f877d39cb72e5dfb1ff/extensions/github/dist/extension.js
[2021-09-15 00:11:19.459] [exthost] [info] ExtensionService#_doActivateExtension vscode.emmet {"startup":false,"extensionId":{"value":"vscode.emmet","_lower":"vscode.emmet"},"activationEvent":"onStartupFinished"}
[2021-09-15 00:11:19.459] [exthost] [info] ExtensionService#loadCommonJSModule file:///home/chrispro-1/.vscode-server/bin/e7d7e9a9348e6a8cc8c03f877d39cb72e5dfb1ff/extensions/emmet/dist/node/emmetNodeMain
[2021-09-15 00:11:19.488] [exthost] [info] ExtensionService#_doActivateExtension vscode.merge-conflict {"startup":false,"extensionId":{"value":"vscode.merge-conflict","_lower":"vscode.merge-conflict"},"activationEvent":"onStartupFinished"}
[2021-09-15 00:11:19.488] [exthost] [info] ExtensionService#loadCommonJSModule file:///home/chrispro-1/.vscode-server/bin/e7d7e9a9348e6a8cc8c03f877d39cb72e5dfb1ff/extensions/merge-conflict/dist/mergeConflictMain
[2021-09-15 00:11:19.492] [exthost] [info] eager extensions activated
[2021-09-15 00:11:19.545] [exthost] [info] ExtensionService#_doActivateExtension ms-vscode.js-debug {"startup":false,"extensionId":{"value":"ms-vscode.js-debug","_lower":"ms-vscode.js-debug"},"activationEvent":"onCommand:extension.js-debug.clearAutoAttachVariables"}
[2021-09-15 00:11:19.545] [exthost] [info] ExtensionService#loadCommonJSModule file:///home/chrispro-1/.vscode-server/bin/e7d7e9a9348e6a8cc8c03f877d39cb72e5dfb1ff/extensions/ms-vscode.js-debug/src/extension.js
[2021-09-15 00:11:24.969] [exthost] [warning] [Decorations] CAPPING events from decorations provider vscode.git 5000
[2021-09-15 00:11:26.713] [exthost] [info] ExtensionService#_doActivateExtension vscode.configuration-editing {"startup":false,"extensionId":{"value":"vscode.configuration-editing","_lower":"vscode.configuration-editing"},"activationEvent":"onLanguage:jsonc"}
[2021-09-15 00:11:26.713] [exthost] [info] ExtensionService#loadCommonJSModule file:///home/chrispro-1/.vscode-server/bin/e7d7e9a9348e6a8cc8c03f877d39cb72e5dfb1ff/extensions/configuration-editing/dist/configurationEditingMain
[2021-09-15 00:11:26.742] [exthost] [info] ExtensionService#_doActivateExtension vscode.json-language-features {"startup":false,"extensionId":{"value":"vscode.json-language-features","_lower":"vscode.json-language-features"},"activationEvent":"onLanguage:jsonc"}
[2021-09-15 00:11:26.742] [exthost] [info] ExtensionService#loadCommonJSModule file:///home/chrispro-1/.vscode-server/bin/e7d7e9a9348e6a8cc8c03f877d39cb72e5dfb1ff/extensions/json-language-features/client/dist/node/jsonClientMain
[2021-09-15 00:11:26.853] [exthost] [info] ExtensionService#_doActivateExtension vscode.typescript-language-features {"startup":false,"extensionId":{"value":"vscode.typescript-language-features","_lower":"vscode.typescript-language-features"},"activationEvent":"onLanguage:jsonc"}
[2021-09-15 00:11:26.854] [exthost] [info] ExtensionService#loadCommonJSModule file:///home/chrispro-1/.vscode-server/bin/e7d7e9a9348e6a8cc8c03f877d39cb72e5dfb1ff/extensions/typescript-language-features/dist/extension
[2021-09-15 00:12:06.320] [exthost] [info] extension host terminating: received terminate message from renderer
[2021-09-15 00:12:06.320] [exthost] [info] Lock '/home/chrispro-1/.vscode-server/data/User/workspaceStorage/54858275c87b4889fa2c1e99945272fc/vscode.lock': Marking the lockfile as scheduled to be released in 6000 ms.
[2021-09-15 00:12:07.339] [exthost] [info] exiting with code 0
