[2021-09-02 18:02:19.751] [exthost] [info] extension host started
[2021-09-02 18:02:19.771] [exthost] [info] Lock '/home/chrispro-1/.vscode-server/data/User/workspaceStorage/0cde938f9dfd21122b91de95e0e4b8f8/vscode.lock': Lock acquired.
[2021-09-02 18:02:19.818] [exthost] [info] ExtensionService#_doActivateExtension vscode.debug-auto-launch {"startup":true,"extensionId":{"value":"vscode.debug-auto-launch","_lower":"vscode.debug-auto-launch"},"activationEvent":"*"}
[2021-09-02 18:02:19.818] [exthost] [info] ExtensionService#loadCommonJSModule file:///home/chrispro-1/.vscode-server/bin/3866c3553be8b268c8a7f8c0482c0c0177aa8bfa/extensions/debug-auto-launch/dist/extension
[2021-09-02 18:02:19.825] [exthost] [info] ExtensionService#_doActivateExtension vscode.git {"startup":true,"extensionId":{"value":"vscode.github","_lower":"vscode.github"},"activationEvent":"*"}
[2021-09-02 18:02:19.825] [exthost] [info] ExtensionService#loadCommonJSModule file:///home/chrispro-1/.vscode-server/bin/3866c3553be8b268c8a7f8c0482c0c0177aa8bfa/extensions/git/dist/main
[2021-09-02 18:02:20.096] [exthost] [info] ExtensionService#_doActivateExtension vscode.github {"startup":true,"extensionId":{"value":"vscode.github","_lower":"vscode.github"},"activationEvent":"*"}
[2021-09-02 18:02:20.096] [exthost] [info] ExtensionService#loadCommonJSModule file:///home/chrispro-1/.vscode-server/bin/3866c3553be8b268c8a7f8c0482c0c0177aa8bfa/extensions/github/dist/extension.js
[2021-09-02 18:02:20.233] [exthost] [info] ExtensionService#_doActivateExtension vscode.emmet {"startup":false,"extensionId":{"value":"vscode.emmet","_lower":"vscode.emmet"},"activationEvent":"onStartupFinished"}
[2021-09-02 18:02:20.233] [exthost] [info] ExtensionService#loadCommonJSModule file:///home/chrispro-1/.vscode-server/bin/3866c3553be8b268c8a7f8c0482c0c0177aa8bfa/extensions/emmet/dist/node/emmetNodeMain
[2021-09-02 18:02:20.257] [exthost] [info] ExtensionService#_doActivateExtension vscode.merge-conflict {"startup":false,"extensionId":{"value":"vscode.merge-conflict","_lower":"vscode.merge-conflict"},"activationEvent":"onStartupFinished"}
[2021-09-02 18:02:20.257] [exthost] [info] ExtensionService#loadCommonJSModule file:///home/chrispro-1/.vscode-server/bin/3866c3553be8b268c8a7f8c0482c0c0177aa8bfa/extensions/merge-conflict/dist/mergeConflictMain
[2021-09-02 18:02:20.264] [exthost] [info] eager extensions activated
[2021-09-02 18:02:20.305] [exthost] [info] ExtensionService#_doActivateExtension ms-vscode.js-debug {"startup":false,"extensionId":{"value":"ms-vscode.js-debug","_lower":"ms-vscode.js-debug"},"activationEvent":"onCommand:extension.js-debug.clearAutoAttachVariables"}
[2021-09-02 18:02:20.306] [exthost] [info] ExtensionService#loadCommonJSModule file:///home/chrispro-1/.vscode-server/bin/3866c3553be8b268c8a7f8c0482c0c0177aa8bfa/extensions/ms-vscode.js-debug/src/extension.js
[2021-09-02 18:02:22.311] [exthost] [info] ExtensionService#_doActivateExtension ms-python.python {"startup":false,"extensionId":{"value":"ms-python.vscode-pylance","_lower":"ms-python.vscode-pylance"},"activationEvent":"onLanguage:python"}
[2021-09-02 18:02:22.311] [exthost] [info] ExtensionService#loadCommonJSModule file:///home/chrispro-1/.vscode-server/extensions/ms-python.python-2021.9.1191016588/out/client/extension
[2021-09-02 18:02:22.675] [exthost] [info] ExtensionService#_doActivateExtension ms-toolsai.jupyter {"startup":false,"extensionId":{"value":"ms-toolsai.jupyter","_lower":"ms-toolsai.jupyter"},"activationEvent":"onLanguage:python"}
[2021-09-02 18:02:22.675] [exthost] [info] ExtensionService#loadCommonJSModule file:///home/chrispro-1/.vscode-server/extensions/ms-toolsai.jupyter-2021.8.1236758218/out/client/extension
[2021-09-02 18:02:24.041] [exthost] [info] ExtensionService#_doActivateExtension ms-python.vscode-pylance {"startup":false,"extensionId":{"value":"ms-python.vscode-pylance","_lower":"ms-python.vscode-pylance"},"activationEvent":"onLanguage:python"}
[2021-09-02 18:02:24.041] [exthost] [info] ExtensionService#loadCommonJSModule file:///home/chrispro-1/.vscode-server/extensions/ms-python.vscode-pylance-2021.9.0/dist/extension.bundle.js
[2021-09-02 18:04:08.727] [exthost] [error] [ms-python.python] provider FAILED
[2021-09-02 18:04:08.727] [exthost] [error] Canceled: Canceled
	at _.makeCancelError (/home/chrispro-1/.vscode-server/extensions/ms-python.python-2021.9.1191016588/out/client/extension.js:9:155142)
	at _.handleFailedRequest (/home/chrispro-1/.vscode-server/extensions/ms-python.python-2021.9.1191016588/out/client/extension.js:9:154993)
	at /home/chrispro-1/.vscode-server/extensions/ms-python.python-2021.9.1191016588/out/client/extension.js:9:122854
	at async k.provideCodeActions (/home/chrispro-1/.vscode-server/bin/3866c3553be8b268c8a7f8c0482c0c0177aa8bfa/out/vs/server/remoteExtensionHostProcess.js:85:166936)
[2021-09-02 18:04:09.373] [exthost] [error] [ms-python.python] provider FAILED
[2021-09-02 18:04:09.373] [exthost] [error] Canceled: Canceled
	at _.makeCancelError (/home/chrispro-1/.vscode-server/extensions/ms-python.python-2021.9.1191016588/out/client/extension.js:9:155142)
	at _.handleFailedRequest (/home/chrispro-1/.vscode-server/extensions/ms-python.python-2021.9.1191016588/out/client/extension.js:9:154993)
	at /home/chrispro-1/.vscode-server/extensions/ms-python.python-2021.9.1191016588/out/client/extension.js:9:122854
	at async k.provideCodeActions (/home/chrispro-1/.vscode-server/bin/3866c3553be8b268c8a7f8c0482c0c0177aa8bfa/out/vs/server/remoteExtensionHostProcess.js:85:166936)
[2021-09-02 18:04:12.892] [exthost] [error] [ms-python.python] provider FAILED
[2021-09-02 18:04:12.892] [exthost] [error] Canceled: Canceled
	at _.makeCancelError (/home/chrispro-1/.vscode-server/extensions/ms-python.python-2021.9.1191016588/out/client/extension.js:9:155142)
	at _.handleFailedRequest (/home/chrispro-1/.vscode-server/extensions/ms-python.python-2021.9.1191016588/out/client/extension.js:9:154993)
	at /home/chrispro-1/.vscode-server/extensions/ms-python.python-2021.9.1191016588/out/client/extension.js:9:122854
	at async k.provideCodeActions (/home/chrispro-1/.vscode-server/bin/3866c3553be8b268c8a7f8c0482c0c0177aa8bfa/out/vs/server/remoteExtensionHostProcess.js:85:166936)
[2021-09-02 19:22:53.442] [exthost] [info] extension host terminating: renderer disconnected for too long (2)
[2021-09-02 19:22:53.442] [exthost] [info] Lock '/home/chrispro-1/.vscode-server/data/User/workspaceStorage/0cde938f9dfd21122b91de95e0e4b8f8/vscode.lock': Marking the lockfile as scheduled to be released in 6000 ms.
[2021-09-02 19:22:54.469] [exthost] [info] exiting with code 0
