Info 2021-08-31 01:06:15: ZMQ install verified.
Info 2021-08-31 01:06:15: id is e37cfe69-2f8e-4a20-becf-270d60be5b16
Error 2021-08-31 01:06:15: Jupyter Extension (Error in Failed to update settings.json, method:fixSettingsFile): [EntryNotFound (FileSystemError): Unable to read file 'vscode-remote://ssh-remote+7b22686f73744e616d65223a2235322e3135322e3233382e3138222c2275736572223a22636872697370726f2d31227d/home/chrispro-1/.config/Code/User/settings.json' (Error: Unable to resolve non-existing file 'vscode-remote://ssh-remote+7b22686f73744e616d65223a2235322e3135322e3233382e3138222c2275736572223a22636872697370726f2d31227d/home/chrispro-1/.config/Code/User/settings.json')
	at _handleError (/home/chrispro-1/.vscode-server/bin/3866c3553be8b268c8a7f8c0482c0c0177aa8bfa/out/vs/server/remoteExtensionHostProcess.js:85:158459)
	at async m.readFile (/home/chrispro-1/.vscode-server/extensions/ms-toolsai.jupyter-2021.8.1236758218/out/client/extension.js:90:560205)
	at async g.fixSettingsFile (/home/chrispro-1/.vscode-server/extensions/ms-toolsai.jupyter-2021.8.1236758218/out/client/extension.js:52:281266)
	at async Promise.all (index 0)
	at async g.updateSettings (/home/chrispro-1/.vscode-server/extensions/ms-toolsai.jupyter-2021.8.1236758218/out/client/extension.js:52:282986)] {
  code: 'FileNotFound'
}
Info 2021-08-31 01:13:14: Shutting down notebooks for 8d7f35e3-a87a-4dac-b6ff-fe392e7d895e
Info 2021-08-31 01:13:14: Disposing HostJupyterExecution b6d2918b-424a-4cf0-b0f3-000ac49927f2
Info 2021-08-31 01:13:14: Disposing super HostJupyterExecution b6d2918b-424a-4cf0-b0f3-000ac49927f2
Info 2021-08-31 01:13:14: Disposing HostJupyterExecution b6d2918b-424a-4cf0-b0f3-000ac49927f2
Info 2021-08-31 01:13:14: Finished disposing HostJupyterExecution  b6d2918b-424a-4cf0-b0f3-000ac49927f2
Info 2021-08-31 01:13:14: Disposing HostJupyterExecution b6d2918b-424a-4cf0-b0f3-000ac49927f2
Info 2021-08-31 01:13:14: Finished disposing HostJupyterExecution  b6d2918b-424a-4cf0-b0f3-000ac49927f2
Info 2021-08-31 01:13:14: Getting live share API during dispose HostJupyterExecution b6d2918b-424a-4cf0-b0f3-000ac49927f2
Info 2021-08-31 01:13:14: Detaching HostJupyterExecution b6d2918b-424a-4cf0-b0f3-000ac49927f2
Info 2021-08-31 01:13:14: Cleaning up server cache b6d2918b-424a-4cf0-b0f3-000ac49927f2
Info 2021-08-31 01:13:14: Finished disposing HostJupyterExecution  b6d2918b-424a-4cf0-b0f3-000ac49927f2
