[2021-09-15 04:05:39.954] [exthost] [info] extension host started
[2021-09-15 04:05:39.989] [exthost] [info] Lock '/home/chrispro-1/.vscode-server/data/User/workspaceStorage/4503ce94c8d41057d0edd9b7a5bd975e/vscode.lock': Lock acquired.
[2021-09-15 04:05:40.060] [exthost] [info] ExtensionService#_doActivateExtension ms-python.python {"startup":false,"extensionId":{"value":"ms-python.vscode-pylance","_lower":"ms-python.vscode-pylance"},"activationEvent":"onLanguage:python"}
[2021-09-15 04:05:40.060] [exthost] [info] ExtensionService#loadCommonJSModule file:///home/chrispro-1/.vscode-server/extensions/ms-python.python-2021.9.1230869389/out/client/extension
[2021-09-15 04:05:40.991] [exthost] [info] ExtensionService#_doActivateExtension ms-toolsai.jupyter {"startup":false,"extensionId":{"value":"ms-toolsai.jupyter","_lower":"ms-toolsai.jupyter"},"activationEvent":"onLanguage:python"}
[2021-09-15 04:05:40.992] [exthost] [info] ExtensionService#loadCommonJSModule file:///home/chrispro-1/.vscode-server/extensions/ms-toolsai.jupyter-2021.8.2041215044/out/client/extension
[2021-09-15 04:05:41.779] [exthost] [info] ExtensionService#_doActivateExtension vscode.debug-auto-launch {"startup":true,"extensionId":{"value":"vscode.debug-auto-launch","_lower":"vscode.debug-auto-launch"},"activationEvent":"*"}
[2021-09-15 04:05:41.779] [exthost] [info] ExtensionService#loadCommonJSModule file:///home/chrispro-1/.vscode-server/bin/e7d7e9a9348e6a8cc8c03f877d39cb72e5dfb1ff/extensions/debug-auto-launch/dist/extension
[2021-09-15 04:05:41.784] [exthost] [info] ExtensionService#_doActivateExtension vscode.git {"startup":true,"extensionId":{"value":"vscode.github","_lower":"vscode.github"},"activationEvent":"*"}
[2021-09-15 04:05:41.785] [exthost] [info] ExtensionService#loadCommonJSModule file:///home/chrispro-1/.vscode-server/bin/e7d7e9a9348e6a8cc8c03f877d39cb72e5dfb1ff/extensions/git/dist/main
[2021-09-15 04:05:41.883] [exthost] [info] ExtensionService#_doActivateExtension ivangabriele.vscode-heroku {"startup":true,"extensionId":{"value":"ivangabriele.vscode-heroku","_lower":"ivangabriele.vscode-heroku"},"activationEvent":"*"}
[2021-09-15 04:05:41.883] [exthost] [info] ExtensionService#loadCommonJSModule file:///home/chrispro-1/.vscode-server/extensions/ivangabriele.vscode-heroku-1.2.6/out/extension
[2021-09-15 04:05:42.266] [exthost] [info] ExtensionService#_doActivateExtension vscode.github {"startup":true,"extensionId":{"value":"vscode.github","_lower":"vscode.github"},"activationEvent":"*"}
[2021-09-15 04:05:42.268] [exthost] [info] ExtensionService#loadCommonJSModule file:///home/chrispro-1/.vscode-server/bin/e7d7e9a9348e6a8cc8c03f877d39cb72e5dfb1ff/extensions/github/dist/extension.js
[2021-09-15 04:05:43.597] [exthost] [info] ExtensionService#_doActivateExtension vscode.emmet {"startup":false,"extensionId":{"value":"vscode.emmet","_lower":"vscode.emmet"},"activationEvent":"onStartupFinished"}
[2021-09-15 04:05:43.597] [exthost] [info] ExtensionService#loadCommonJSModule file:///home/chrispro-1/.vscode-server/bin/e7d7e9a9348e6a8cc8c03f877d39cb72e5dfb1ff/extensions/emmet/dist/node/emmetNodeMain
[2021-09-15 04:05:43.641] [exthost] [info] ExtensionService#_doActivateExtension vscode.merge-conflict {"startup":false,"extensionId":{"value":"vscode.merge-conflict","_lower":"vscode.merge-conflict"},"activationEvent":"onStartupFinished"}
[2021-09-15 04:05:43.642] [exthost] [info] ExtensionService#loadCommonJSModule file:///home/chrispro-1/.vscode-server/bin/e7d7e9a9348e6a8cc8c03f877d39cb72e5dfb1ff/extensions/merge-conflict/dist/mergeConflictMain
[2021-09-15 04:05:43.652] [exthost] [info] eager extensions activated
[2021-09-15 04:05:43.920] [exthost] [info] ExtensionService#_doActivateExtension ms-vscode.js-debug {"startup":false,"extensionId":{"value":"ms-vscode.js-debug","_lower":"ms-vscode.js-debug"},"activationEvent":"onCommand:extension.js-debug.clearAutoAttachVariables"}
[2021-09-15 04:05:43.921] [exthost] [info] ExtensionService#loadCommonJSModule file:///home/chrispro-1/.vscode-server/bin/e7d7e9a9348e6a8cc8c03f877d39cb72e5dfb1ff/extensions/ms-vscode.js-debug/src/extension.js
[2021-09-15 04:05:44.723] [exthost] [info] ExtensionService#_doActivateExtension ms-python.vscode-pylance {"startup":false,"extensionId":{"value":"ms-python.vscode-pylance","_lower":"ms-python.vscode-pylance"},"activationEvent":"onLanguage:python"}
[2021-09-15 04:05:44.725] [exthost] [info] ExtensionService#loadCommonJSModule file:///home/chrispro-1/.vscode-server/extensions/ms-python.vscode-pylance-2021.9.1/dist/extension.bundle.js
[2021-09-15 04:05:45.278] [exthost] [info] ExtensionService#_doActivateExtension vscode.debug-server-ready {"startup":false,"extensionId":{"value":"vscode.debug-server-ready","_lower":"vscode.debug-server-ready"},"activationEvent":"onDebugResolve"}
[2021-09-15 04:05:45.280] [exthost] [info] ExtensionService#loadCommonJSModule file:///home/chrispro-1/.vscode-server/bin/e7d7e9a9348e6a8cc8c03f877d39cb72e5dfb1ff/extensions/debug-server-ready/dist/extension
[2021-09-15 04:07:26.052] [exthost] [error] [ms-python.python] provider FAILED
[2021-09-15 04:07:26.053] [exthost] [error] Canceled: Canceled
	at _.makeCancelError (/home/chrispro-1/.vscode-server/extensions/ms-python.python-2021.9.1230869389/out/client/extension.js:9:152754)
	at _.handleFailedRequest (/home/chrispro-1/.vscode-server/extensions/ms-python.python-2021.9.1230869389/out/client/extension.js:9:152605)
	at /home/chrispro-1/.vscode-server/extensions/ms-python.python-2021.9.1230869389/out/client/extension.js:9:112947
	at async g.provideHover (/home/chrispro-1/.vscode-server/bin/e7d7e9a9348e6a8cc8c03f877d39cb72e5dfb1ff/out/vs/server/remoteExtensionHostProcess.js:94:166317)
[2021-09-15 04:11:39.812] [exthost] [error] {"message":"Git error","stdout":"","stderr":"fatal: Pathspec '/home/chrispro-1/hw5/__pycache__' is in submodule 'hw5'\n","exitCode":128,"gitErrorCode":"IsInSubmodule"}
[2021-09-15 04:11:39.812] [exthost] [error] {"message":"Git error","stdout":"","stderr":"fatal: Pathspec '/home/chrispro-1/hw5/__pycache__' is in submodule 'hw5'\n","exitCode":128,"gitErrorCode":"IsInSubmodule"}
[2021-09-15 04:11:39.812] [exthost] [error] {"message":"Git error","stdout":"","stderr":"fatal: Pathspec '/home/chrispro-1/hw5/__pycache__' is in submodule 'hw5'\n","exitCode":128,"gitErrorCode":"IsInSubmodule"}
[2021-09-15 04:11:39.812] [exthost] [error] {"message":"Git error","stdout":"","stderr":"fatal: Pathspec '/home/chrispro-1/hw5/__pycache__' is in submodule 'hw5'\n","exitCode":128,"gitErrorCode":"IsInSubmodule"}
[2021-09-15 04:12:18.269] [exthost] [error] [ms-python.python] provider FAILED
[2021-09-15 04:12:18.270] [exthost] [error] Canceled: Canceled
	at _.makeCancelError (/home/chrispro-1/.vscode-server/extensions/ms-python.python-2021.9.1230869389/out/client/extension.js:9:152754)
	at _.handleFailedRequest (/home/chrispro-1/.vscode-server/extensions/ms-python.python-2021.9.1230869389/out/client/extension.js:9:152605)
	at /home/chrispro-1/.vscode-server/extensions/ms-python.python-2021.9.1230869389/out/client/extension.js:9:117593
	at async l.provideDocumentSymbols (/home/chrispro-1/.vscode-server/bin/e7d7e9a9348e6a8cc8c03f877d39cb72e5dfb1ff/out/vs/server/remoteExtensionHostProcess.js:94:163113)
[2021-09-15 04:12:26.970] [exthost] [error] {"message":"Git error","stdout":"","stderr":"fatal: Pathspec '/home/chrispro-1/lect6-demo-heroku/static' is in submodule 'lect6-demo-heroku'\n","exitCode":128,"gitErrorCode":"IsInSubmodule"}
[2021-09-15 04:12:26.970] [exthost] [error] {"message":"Git error","stdout":"","stderr":"fatal: Pathspec '/home/chrispro-1/lect6-demo-heroku/static' is in submodule 'lect6-demo-heroku'\n","exitCode":128,"gitErrorCode":"IsInSubmodule"}
[2021-09-15 04:12:26.970] [exthost] [error] {"message":"Git error","stdout":"","stderr":"fatal: Pathspec '/home/chrispro-1/lect6-demo-heroku/static' is in submodule 'lect6-demo-heroku'\n","exitCode":128,"gitErrorCode":"IsInSubmodule"}
[2021-09-15 04:12:26.970] [exthost] [error] {"message":"Git error","stdout":"","stderr":"fatal: Pathspec '/home/chrispro-1/lect6-demo-heroku/static' is in submodule 'lect6-demo-heroku'\n","exitCode":128,"gitErrorCode":"IsInSubmodule"}
[2021-09-15 04:12:26.970] [exthost] [error] {"message":"Git error","stdout":"","stderr":"fatal: Pathspec '/home/chrispro-1/lect6-demo-heroku/static' is in submodule 'lect6-demo-heroku'\n","exitCode":128,"gitErrorCode":"IsInSubmodule"}
[2021-09-15 04:12:26.970] [exthost] [error] {"message":"Git error","stdout":"","stderr":"fatal: Pathspec '/home/chrispro-1/lect6-demo-heroku/static' is in submodule 'lect6-demo-heroku'\n","exitCode":128,"gitErrorCode":"IsInSubmodule"}
