[2021-09-15 03:53:45.357] [exthost] [info] extension host started
[2021-09-15 03:53:45.393] [exthost] [info] Lock '/home/chrispro-1/.vscode-server/data/User/workspaceStorage/7d3091d4a6230156db87efb0911446d9/vscode.lock': Lock acquired.
[2021-09-15 03:53:45.508] [exthost] [info] ExtensionService#_doActivateExtension ms-python.python {"startup":false,"extensionId":{"value":"ms-python.vscode-pylance","_lower":"ms-python.vscode-pylance"},"activationEvent":"onLanguage:python"}
[2021-09-15 03:53:45.508] [exthost] [info] ExtensionService#loadCommonJSModule file:///home/chrispro-1/.vscode-server/extensions/ms-python.python-2021.9.1230869389/out/client/extension
[2021-09-15 03:53:46.259] [exthost] [info] ExtensionService#_doActivateExtension ms-toolsai.jupyter {"startup":false,"extensionId":{"value":"ms-toolsai.jupyter","_lower":"ms-toolsai.jupyter"},"activationEvent":"onLanguage:python"}
[2021-09-15 03:53:46.259] [exthost] [info] ExtensionService#loadCommonJSModule file:///home/chrispro-1/.vscode-server/extensions/ms-toolsai.jupyter-2021.8.2041215044/out/client/extension
[2021-09-15 03:53:47.069] [exthost] [info] ExtensionService#_doActivateExtension vscode.debug-auto-launch {"startup":true,"extensionId":{"value":"vscode.debug-auto-launch","_lower":"vscode.debug-auto-launch"},"activationEvent":"*"}
[2021-09-15 03:53:47.069] [exthost] [info] ExtensionService#loadCommonJSModule file:///home/chrispro-1/.vscode-server/bin/e7d7e9a9348e6a8cc8c03f877d39cb72e5dfb1ff/extensions/debug-auto-launch/dist/extension
[2021-09-15 03:53:47.075] [exthost] [info] ExtensionService#_doActivateExtension vscode.git {"startup":true,"extensionId":{"value":"vscode.github","_lower":"vscode.github"},"activationEvent":"*"}
[2021-09-15 03:53:47.076] [exthost] [info] ExtensionService#loadCommonJSModule file:///home/chrispro-1/.vscode-server/bin/e7d7e9a9348e6a8cc8c03f877d39cb72e5dfb1ff/extensions/git/dist/main
[2021-09-15 03:53:47.171] [exthost] [info] ExtensionService#_doActivateExtension ivangabriele.vscode-heroku {"startup":true,"extensionId":{"value":"ivangabriele.vscode-heroku","_lower":"ivangabriele.vscode-heroku"},"activationEvent":"*"}
[2021-09-15 03:53:47.172] [exthost] [info] ExtensionService#loadCommonJSModule file:///home/chrispro-1/.vscode-server/extensions/ivangabriele.vscode-heroku-1.2.6/out/extension
[2021-09-15 03:53:47.453] [exthost] [info] ExtensionService#_doActivateExtension vscode.github {"startup":true,"extensionId":{"value":"vscode.github","_lower":"vscode.github"},"activationEvent":"*"}
[2021-09-15 03:53:47.453] [exthost] [info] ExtensionService#loadCommonJSModule file:///home/chrispro-1/.vscode-server/bin/e7d7e9a9348e6a8cc8c03f877d39cb72e5dfb1ff/extensions/github/dist/extension.js
[2021-09-15 03:53:48.979] [exthost] [info] ExtensionService#_doActivateExtension vscode.emmet {"startup":false,"extensionId":{"value":"vscode.emmet","_lower":"vscode.emmet"},"activationEvent":"onStartupFinished"}
[2021-09-15 03:53:48.980] [exthost] [info] ExtensionService#loadCommonJSModule file:///home/chrispro-1/.vscode-server/bin/e7d7e9a9348e6a8cc8c03f877d39cb72e5dfb1ff/extensions/emmet/dist/node/emmetNodeMain
[2021-09-15 03:53:48.999] [exthost] [info] ExtensionService#_doActivateExtension vscode.merge-conflict {"startup":false,"extensionId":{"value":"vscode.merge-conflict","_lower":"vscode.merge-conflict"},"activationEvent":"onStartupFinished"}
[2021-09-15 03:53:48.999] [exthost] [info] ExtensionService#loadCommonJSModule file:///home/chrispro-1/.vscode-server/bin/e7d7e9a9348e6a8cc8c03f877d39cb72e5dfb1ff/extensions/merge-conflict/dist/mergeConflictMain
[2021-09-15 03:53:49.004] [exthost] [info] eager extensions activated
[2021-09-15 03:53:49.164] [exthost] [info] ExtensionService#_doActivateExtension ms-python.vscode-pylance {"startup":false,"extensionId":{"value":"ms-python.vscode-pylance","_lower":"ms-python.vscode-pylance"},"activationEvent":"onLanguage:python"}
[2021-09-15 03:53:49.164] [exthost] [info] ExtensionService#loadCommonJSModule file:///home/chrispro-1/.vscode-server/extensions/ms-python.vscode-pylance-2021.9.1/dist/extension.bundle.js
[2021-09-15 03:53:49.474] [exthost] [info] ExtensionService#_doActivateExtension ms-vscode.js-debug {"startup":false,"extensionId":{"value":"ms-vscode.js-debug","_lower":"ms-vscode.js-debug"},"activationEvent":"onCommand:extension.js-debug.clearAutoAttachVariables"}
[2021-09-15 03:53:49.475] [exthost] [info] ExtensionService#loadCommonJSModule file:///home/chrispro-1/.vscode-server/bin/e7d7e9a9348e6a8cc8c03f877d39cb72e5dfb1ff/extensions/ms-vscode.js-debug/src/extension.js
[2021-09-15 03:53:54.777] [exthost] [error] [ms-python.python] provider FAILED
[2021-09-15 03:53:54.777] [exthost] [error] Canceled: Canceled
	at _.makeCancelError (/home/chrispro-1/.vscode-server/extensions/ms-python.python-2021.9.1230869389/out/client/extension.js:9:152754)
	at _.handleFailedRequest (/home/chrispro-1/.vscode-server/extensions/ms-python.python-2021.9.1230869389/out/client/extension.js:9:152605)
	at /home/chrispro-1/.vscode-server/extensions/ms-python.python-2021.9.1230869389/out/client/extension.js:9:112947
	at async g.provideHover (/home/chrispro-1/.vscode-server/bin/e7d7e9a9348e6a8cc8c03f877d39cb72e5dfb1ff/out/vs/server/remoteExtensionHostProcess.js:94:166317)
