[2021-09-07 01:11:25.310] [exthost] [info] extension host started
[2021-09-07 01:11:25.342] [exthost] [info] Lock '/home/chrispro-1/.vscode-server/data/User/workspaceStorage/60c3fc2a658f2bf06a5a9da1ccad7b51/vscode.lock': Lock acquired.
[2021-09-07 01:11:25.448] [exthost] [info] ExtensionService#_doActivateExtension vscode.debug-auto-launch {"startup":true,"extensionId":{"value":"vscode.debug-auto-launch","_lower":"vscode.debug-auto-launch"},"activationEvent":"*"}
[2021-09-07 01:11:25.448] [exthost] [info] ExtensionService#loadCommonJSModule file:///home/chrispro-1/.vscode-server/bin/e7d7e9a9348e6a8cc8c03f877d39cb72e5dfb1ff/extensions/debug-auto-launch/dist/extension
[2021-09-07 01:11:25.467] [exthost] [info] ExtensionService#_doActivateExtension vscode.git {"startup":true,"extensionId":{"value":"vscode.github","_lower":"vscode.github"},"activationEvent":"*"}
[2021-09-07 01:11:25.468] [exthost] [info] ExtensionService#loadCommonJSModule file:///home/chrispro-1/.vscode-server/bin/e7d7e9a9348e6a8cc8c03f877d39cb72e5dfb1ff/extensions/git/dist/main
[2021-09-07 01:11:25.905] [exthost] [info] ExtensionService#_doActivateExtension vscode.github {"startup":true,"extensionId":{"value":"vscode.github","_lower":"vscode.github"},"activationEvent":"*"}
[2021-09-07 01:11:25.905] [exthost] [info] ExtensionService#loadCommonJSModule file:///home/chrispro-1/.vscode-server/bin/e7d7e9a9348e6a8cc8c03f877d39cb72e5dfb1ff/extensions/github/dist/extension.js
[2021-09-07 01:11:26.179] [exthost] [info] ExtensionService#_doActivateExtension vscode.emmet {"startup":false,"extensionId":{"value":"vscode.emmet","_lower":"vscode.emmet"},"activationEvent":"onStartupFinished"}
[2021-09-07 01:11:26.179] [exthost] [info] ExtensionService#loadCommonJSModule file:///home/chrispro-1/.vscode-server/bin/e7d7e9a9348e6a8cc8c03f877d39cb72e5dfb1ff/extensions/emmet/dist/node/emmetNodeMain
[2021-09-07 01:11:26.242] [exthost] [info] ExtensionService#_doActivateExtension vscode.merge-conflict {"startup":false,"extensionId":{"value":"vscode.merge-conflict","_lower":"vscode.merge-conflict"},"activationEvent":"onStartupFinished"}
[2021-09-07 01:11:26.245] [exthost] [info] ExtensionService#loadCommonJSModule file:///home/chrispro-1/.vscode-server/bin/e7d7e9a9348e6a8cc8c03f877d39cb72e5dfb1ff/extensions/merge-conflict/dist/mergeConflictMain
[2021-09-07 01:11:26.259] [exthost] [info] eager extensions activated
[2021-09-07 01:11:26.333] [exthost] [info] ExtensionService#_doActivateExtension ms-vscode.js-debug {"startup":false,"extensionId":{"value":"ms-vscode.js-debug","_lower":"ms-vscode.js-debug"},"activationEvent":"onCommand:extension.js-debug.clearAutoAttachVariables"}
[2021-09-07 01:11:26.333] [exthost] [info] ExtensionService#loadCommonJSModule file:///home/chrispro-1/.vscode-server/bin/e7d7e9a9348e6a8cc8c03f877d39cb72e5dfb1ff/extensions/ms-vscode.js-debug/src/extension.js
[2021-09-07 01:11:47.998] [exthost] [info] ExtensionService#_doActivateExtension ms-python.python {"startup":false,"extensionId":{"value":"ms-python.vscode-pylance","_lower":"ms-python.vscode-pylance"},"activationEvent":"onLanguage:python"}
[2021-09-07 01:11:47.999] [exthost] [info] ExtensionService#loadCommonJSModule file:///home/chrispro-1/.vscode-server/extensions/ms-python.python-2021.9.1191016588/out/client/extension
[2021-09-07 01:11:48.343] [exthost] [info] ExtensionService#_doActivateExtension ms-toolsai.jupyter {"startup":false,"extensionId":{"value":"ms-toolsai.jupyter","_lower":"ms-toolsai.jupyter"},"activationEvent":"onLanguage:python"}
[2021-09-07 01:11:48.343] [exthost] [info] ExtensionService#loadCommonJSModule file:///home/chrispro-1/.vscode-server/extensions/ms-toolsai.jupyter-2021.8.2031190714/out/client/extension
[2021-09-07 01:11:49.797] [exthost] [info] ExtensionService#_doActivateExtension ms-python.vscode-pylance {"startup":false,"extensionId":{"value":"ms-python.vscode-pylance","_lower":"ms-python.vscode-pylance"},"activationEvent":"onLanguage:python"}
[2021-09-07 01:11:49.799] [exthost] [info] ExtensionService#loadCommonJSModule file:///home/chrispro-1/.vscode-server/extensions/ms-python.vscode-pylance-2021.9.0/dist/extension.bundle.js
[2021-09-07 01:11:53.707] [exthost] [error] [ms-python.python] provider FAILED
[2021-09-07 01:11:53.707] [exthost] [error] Canceled: Canceled
	at _.makeCancelError (/home/chrispro-1/.vscode-server/extensions/ms-python.python-2021.9.1191016588/out/client/extension.js:9:155142)
	at _.handleFailedRequest (/home/chrispro-1/.vscode-server/extensions/ms-python.python-2021.9.1191016588/out/client/extension.js:9:154993)
	at /home/chrispro-1/.vscode-server/extensions/ms-python.python-2021.9.1191016588/out/client/extension.js:9:115335
	at async g.provideHover (/home/chrispro-1/.vscode-server/bin/e7d7e9a9348e6a8cc8c03f877d39cb72e5dfb1ff/out/vs/server/remoteExtensionHostProcess.js:94:166317)
[2021-09-07 01:26:52.777] [exthost] [info] ExtensionService#_doActivateExtension vscode.debug-server-ready {"startup":false,"extensionId":{"value":"vscode.debug-server-ready","_lower":"vscode.debug-server-ready"},"activationEvent":"onDebugResolve"}
[2021-09-07 01:26:52.779] [exthost] [info] ExtensionService#loadCommonJSModule file:///home/chrispro-1/.vscode-server/bin/e7d7e9a9348e6a8cc8c03f877d39cb72e5dfb1ff/extensions/debug-server-ready/dist/extension
