[2021-09-10 01:46:41.172] [exthost] [info] extension host started
[2021-09-10 01:46:41.184] [exthost] [info] Lock '/home/chrispro-1/.vscode-server/data/User/workspaceStorage/ff07c3d624e7023531dba7186d6b8581/vscode.lock': Lock acquired.
[2021-09-10 01:46:41.245] [exthost] [info] ExtensionService#_doActivateExtension ms-python.python {"startup":false,"extensionId":{"value":"ms-python.vscode-pylance","_lower":"ms-python.vscode-pylance"},"activationEvent":"onLanguage:python"}
[2021-09-10 01:46:41.245] [exthost] [info] ExtensionService#loadCommonJSModule file:///home/chrispro-1/.vscode-server/extensions/ms-python.python-2021.9.1218897484/out/client/extension
[2021-09-10 01:46:41.646] [exthost] [info] ExtensionService#_doActivateExtension ms-toolsai.jupyter {"startup":false,"extensionId":{"value":"ms-toolsai.jupyter","_lower":"ms-toolsai.jupyter"},"activationEvent":"onLanguage:python"}
[2021-09-10 01:46:41.646] [exthost] [info] ExtensionService#loadCommonJSModule file:///home/chrispro-1/.vscode-server/extensions/ms-toolsai.jupyter-2021.8.2041215044/out/client/extension
[2021-09-10 01:46:42.060] [exthost] [info] ExtensionService#_doActivateExtension vscode.debug-auto-launch {"startup":true,"extensionId":{"value":"vscode.debug-auto-launch","_lower":"vscode.debug-auto-launch"},"activationEvent":"*"}
[2021-09-10 01:46:42.060] [exthost] [info] ExtensionService#loadCommonJSModule file:///home/chrispro-1/.vscode-server/bin/e7d7e9a9348e6a8cc8c03f877d39cb72e5dfb1ff/extensions/debug-auto-launch/dist/extension
[2021-09-10 01:46:42.066] [exthost] [info] ExtensionService#_doActivateExtension vscode.git {"startup":true,"extensionId":{"value":"vscode.github","_lower":"vscode.github"},"activationEvent":"*"}
[2021-09-10 01:46:42.066] [exthost] [info] ExtensionService#loadCommonJSModule file:///home/chrispro-1/.vscode-server/bin/e7d7e9a9348e6a8cc8c03f877d39cb72e5dfb1ff/extensions/git/dist/main
[2021-09-10 01:46:42.375] [exthost] [info] ExtensionService#_doActivateExtension vscode.github {"startup":true,"extensionId":{"value":"vscode.github","_lower":"vscode.github"},"activationEvent":"*"}
[2021-09-10 01:46:42.375] [exthost] [info] ExtensionService#loadCommonJSModule file:///home/chrispro-1/.vscode-server/bin/e7d7e9a9348e6a8cc8c03f877d39cb72e5dfb1ff/extensions/github/dist/extension.js
[2021-09-10 01:46:42.651] [exthost] [info] ExtensionService#_doActivateExtension vscode.emmet {"startup":false,"extensionId":{"value":"vscode.emmet","_lower":"vscode.emmet"},"activationEvent":"onStartupFinished"}
[2021-09-10 01:46:42.651] [exthost] [info] ExtensionService#loadCommonJSModule file:///home/chrispro-1/.vscode-server/bin/e7d7e9a9348e6a8cc8c03f877d39cb72e5dfb1ff/extensions/emmet/dist/node/emmetNodeMain
[2021-09-10 01:46:42.672] [exthost] [info] ExtensionService#_doActivateExtension vscode.merge-conflict {"startup":false,"extensionId":{"value":"vscode.merge-conflict","_lower":"vscode.merge-conflict"},"activationEvent":"onStartupFinished"}
[2021-09-10 01:46:42.672] [exthost] [info] ExtensionService#loadCommonJSModule file:///home/chrispro-1/.vscode-server/bin/e7d7e9a9348e6a8cc8c03f877d39cb72e5dfb1ff/extensions/merge-conflict/dist/mergeConflictMain
[2021-09-10 01:46:42.677] [exthost] [info] eager extensions activated
[2021-09-10 01:46:43.286] [exthost] [info] ExtensionService#_doActivateExtension ms-vscode.js-debug {"startup":false,"extensionId":{"value":"ms-vscode.js-debug","_lower":"ms-vscode.js-debug"},"activationEvent":"onCommand:extension.js-debug.clearAutoAttachVariables"}
[2021-09-10 01:46:43.287] [exthost] [info] ExtensionService#loadCommonJSModule file:///home/chrispro-1/.vscode-server/bin/e7d7e9a9348e6a8cc8c03f877d39cb72e5dfb1ff/extensions/ms-vscode.js-debug/src/extension.js
[2021-09-10 01:46:43.813] [exthost] [info] ExtensionService#_doActivateExtension ms-python.vscode-pylance {"startup":false,"extensionId":{"value":"ms-python.vscode-pylance","_lower":"ms-python.vscode-pylance"},"activationEvent":"onLanguage:python"}
[2021-09-10 01:46:43.813] [exthost] [info] ExtensionService#loadCommonJSModule file:///home/chrispro-1/.vscode-server/extensions/ms-python.vscode-pylance-2021.9.1/dist/extension.bundle.js
[2021-09-10 01:46:47.938] [exthost] [info] ExtensionService#_doActivateExtension vscode.debug-server-ready {"startup":false,"extensionId":{"value":"vscode.debug-server-ready","_lower":"vscode.debug-server-ready"},"activationEvent":"onDebugResolve"}
[2021-09-10 01:46:47.938] [exthost] [info] ExtensionService#loadCommonJSModule file:///home/chrispro-1/.vscode-server/bin/e7d7e9a9348e6a8cc8c03f877d39cb72e5dfb1ff/extensions/debug-server-ready/dist/extension
[2021-09-10 01:46:50.350] [exthost] [error] [ms-python.python] provider FAILED
[2021-09-10 01:46:50.350] [exthost] [error] Canceled: Canceled
	at _.makeCancelError (/home/chrispro-1/.vscode-server/extensions/ms-python.python-2021.9.1218897484/out/client/extension.js:9:152754)
	at _.handleFailedRequest (/home/chrispro-1/.vscode-server/extensions/ms-python.python-2021.9.1218897484/out/client/extension.js:9:152605)
	at /home/chrispro-1/.vscode-server/extensions/ms-python.python-2021.9.1218897484/out/client/extension.js:9:112947
	at async g.provideHover (/home/chrispro-1/.vscode-server/bin/e7d7e9a9348e6a8cc8c03f877d39cb72e5dfb1ff/out/vs/server/remoteExtensionHostProcess.js:94:166317)
[2021-09-10 01:50:39.329] [exthost] [info] ExtensionService#_doActivateExtension snyk-security.snyk-vulnerability-scanner {"startup":false,"extensionId":{"value":"snyk-security.snyk-vulnerability-scanner","_lower":"snyk-security.snyk-vulnerability-scanner"},"activationEvent":"*"}
[2021-09-10 01:50:39.329] [exthost] [info] ExtensionService#loadCommonJSModule file:///home/chrispro-1/.vscode-server/extensions/snyk-security.snyk-vulnerability-scanner-1.1.1/out/extension.js
[2021-09-10 01:50:43.403] [exthost] [info] ExtensionService#_doActivateExtension vscode.configuration-editing {"startup":false,"extensionId":{"value":"vscode.configuration-editing","_lower":"vscode.configuration-editing"},"activationEvent":"onLanguage:jsonc"}
[2021-09-10 01:50:43.403] [exthost] [info] ExtensionService#loadCommonJSModule file:///home/chrispro-1/.vscode-server/bin/e7d7e9a9348e6a8cc8c03f877d39cb72e5dfb1ff/extensions/configuration-editing/dist/configurationEditingMain
[2021-09-10 01:50:43.411] [exthost] [info] ExtensionService#_doActivateExtension vscode.json-language-features {"startup":false,"extensionId":{"value":"vscode.json-language-features","_lower":"vscode.json-language-features"},"activationEvent":"onLanguage:jsonc"}
[2021-09-10 01:50:43.411] [exthost] [info] ExtensionService#loadCommonJSModule file:///home/chrispro-1/.vscode-server/bin/e7d7e9a9348e6a8cc8c03f877d39cb72e5dfb1ff/extensions/json-language-features/client/dist/node/jsonClientMain
[2021-09-10 01:50:43.483] [exthost] [info] ExtensionService#_doActivateExtension vscode.typescript-language-features {"startup":false,"extensionId":{"value":"vscode.typescript-language-features","_lower":"vscode.typescript-language-features"},"activationEvent":"onLanguage:jsonc"}
[2021-09-10 01:50:43.483] [exthost] [info] ExtensionService#loadCommonJSModule file:///home/chrispro-1/.vscode-server/bin/e7d7e9a9348e6a8cc8c03f877d39cb72e5dfb1ff/extensions/typescript-language-features/dist/extension
[2021-09-10 01:52:33.741] [exthost] [error] [ms-python.python] provider FAILED
[2021-09-10 01:52:33.742] [exthost] [error] Canceled: Canceled
	at _.makeCancelError (/home/chrispro-1/.vscode-server/extensions/ms-python.python-2021.9.1218897484/out/client/extension.js:9:152754)
	at _.handleFailedRequest (/home/chrispro-1/.vscode-server/extensions/ms-python.python-2021.9.1218897484/out/client/extension.js:9:152605)
	at /home/chrispro-1/.vscode-server/extensions/ms-python.python-2021.9.1218897484/out/client/extension.js:9:112947
	at async g.provideHover (/home/chrispro-1/.vscode-server/bin/e7d7e9a9348e6a8cc8c03f877d39cb72e5dfb1ff/out/vs/server/remoteExtensionHostProcess.js:94:166317)
[2021-09-10 01:52:56.914] [exthost] [error] [ms-python.python] provider FAILED
[2021-09-10 01:52:56.914] [exthost] [error] Canceled: Canceled
	at _.makeCancelError (/home/chrispro-1/.vscode-server/extensions/ms-python.python-2021.9.1218897484/out/client/extension.js:9:152754)
	at _.handleFailedRequest (/home/chrispro-1/.vscode-server/extensions/ms-python.python-2021.9.1218897484/out/client/extension.js:9:152605)
	at /home/chrispro-1/.vscode-server/extensions/ms-python.python-2021.9.1218897484/out/client/extension.js:9:120466
	at async S.provideCodeActions (/home/chrispro-1/.vscode-server/bin/e7d7e9a9348e6a8cc8c03f877d39cb72e5dfb1ff/out/vs/server/remoteExtensionHostProcess.js:94:168622)
[2021-09-10 01:52:58.246] [exthost] [error] [ms-python.python] provider FAILED
[2021-09-10 01:52:58.246] [exthost] [error] Error: name must not be falsy
	at Function.validate (/home/chrispro-1/.vscode-server/bin/e7d7e9a9348e6a8cc8c03f877d39cb72e5dfb1ff/out/vs/server/remoteExtensionHostProcess.js:87:30732)
	at new s (/home/chrispro-1/.vscode-server/bin/e7d7e9a9348e6a8cc8c03f877d39cb72e5dfb1ff/out/vs/server/remoteExtensionHostProcess.js:87:30681)
	at new s (/home/chrispro-1/.vscode-server/bin/e7d7e9a9348e6a8cc8c03f877d39cb72e5dfb1ff/out/vs/server/remoteExtensionHostProcess.js:87:17480)
	at H (/home/chrispro-1/.vscode-server/extensions/ms-python.python-2021.9.1218897484/out/client/extension.js:59:131907)
	at Array.map (<anonymous>)
	at Object.asDocumentSymbols (/home/chrispro-1/.vscode-server/extensions/ms-python.python-2021.9.1218897484/out/client/extension.js:59:137245)
	at /home/chrispro-1/.vscode-server/extensions/ms-python.python-2021.9.1218897484/out/client/extension.js:9:117515
	at async l.provideDocumentSymbols (/home/chrispro-1/.vscode-server/bin/e7d7e9a9348e6a8cc8c03f877d39cb72e5dfb1ff/out/vs/server/remoteExtensionHostProcess.js:94:163113)
[2021-09-10 01:52:58.613] [exthost] [error] [ms-python.python] provider FAILED
[2021-09-10 01:52:58.613] [exthost] [error] Error: name must not be falsy
	at Function.validate (/home/chrispro-1/.vscode-server/bin/e7d7e9a9348e6a8cc8c03f877d39cb72e5dfb1ff/out/vs/server/remoteExtensionHostProcess.js:87:30732)
	at new s (/home/chrispro-1/.vscode-server/bin/e7d7e9a9348e6a8cc8c03f877d39cb72e5dfb1ff/out/vs/server/remoteExtensionHostProcess.js:87:30681)
	at new s (/home/chrispro-1/.vscode-server/bin/e7d7e9a9348e6a8cc8c03f877d39cb72e5dfb1ff/out/vs/server/remoteExtensionHostProcess.js:87:17480)
	at H (/home/chrispro-1/.vscode-server/extensions/ms-python.python-2021.9.1218897484/out/client/extension.js:59:131907)
	at Array.map (<anonymous>)
	at Object.asDocumentSymbols (/home/chrispro-1/.vscode-server/extensions/ms-python.python-2021.9.1218897484/out/client/extension.js:59:137245)
	at /home/chrispro-1/.vscode-server/extensions/ms-python.python-2021.9.1218897484/out/client/extension.js:9:117515
	at async l.provideDocumentSymbols (/home/chrispro-1/.vscode-server/bin/e7d7e9a9348e6a8cc8c03f877d39cb72e5dfb1ff/out/vs/server/remoteExtensionHostProcess.js:94:163113)
[2021-09-10 01:53:11.405] [exthost] [error] [ms-python.python] provider FAILED
[2021-09-10 01:53:11.406] [exthost] [error] Error: name must not be falsy
	at Function.validate (/home/chrispro-1/.vscode-server/bin/e7d7e9a9348e6a8cc8c03f877d39cb72e5dfb1ff/out/vs/server/remoteExtensionHostProcess.js:87:30732)
	at new s (/home/chrispro-1/.vscode-server/bin/e7d7e9a9348e6a8cc8c03f877d39cb72e5dfb1ff/out/vs/server/remoteExtensionHostProcess.js:87:30681)
	at new s (/home/chrispro-1/.vscode-server/bin/e7d7e9a9348e6a8cc8c03f877d39cb72e5dfb1ff/out/vs/server/remoteExtensionHostProcess.js:87:17480)
	at H (/home/chrispro-1/.vscode-server/extensions/ms-python.python-2021.9.1218897484/out/client/extension.js:59:131907)
	at Array.map (<anonymous>)
	at Object.asDocumentSymbols (/home/chrispro-1/.vscode-server/extensions/ms-python.python-2021.9.1218897484/out/client/extension.js:59:137245)
	at /home/chrispro-1/.vscode-server/extensions/ms-python.python-2021.9.1218897484/out/client/extension.js:9:117515
	at async l.provideDocumentSymbols (/home/chrispro-1/.vscode-server/bin/e7d7e9a9348e6a8cc8c03f877d39cb72e5dfb1ff/out/vs/server/remoteExtensionHostProcess.js:94:163113)
[2021-09-10 01:53:12.654] [exthost] [error] [ms-python.python] provider FAILED
[2021-09-10 01:53:12.654] [exthost] [error] Error: name must not be falsy
	at Function.validate (/home/chrispro-1/.vscode-server/bin/e7d7e9a9348e6a8cc8c03f877d39cb72e5dfb1ff/out/vs/server/remoteExtensionHostProcess.js:87:30732)
	at new s (/home/chrispro-1/.vscode-server/bin/e7d7e9a9348e6a8cc8c03f877d39cb72e5dfb1ff/out/vs/server/remoteExtensionHostProcess.js:87:30681)
	at new s (/home/chrispro-1/.vscode-server/bin/e7d7e9a9348e6a8cc8c03f877d39cb72e5dfb1ff/out/vs/server/remoteExtensionHostProcess.js:87:17480)
	at H (/home/chrispro-1/.vscode-server/extensions/ms-python.python-2021.9.1218897484/out/client/extension.js:59:131907)
	at Array.map (<anonymous>)
	at Object.asDocumentSymbols (/home/chrispro-1/.vscode-server/extensions/ms-python.python-2021.9.1218897484/out/client/extension.js:59:137245)
	at /home/chrispro-1/.vscode-server/extensions/ms-python.python-2021.9.1218897484/out/client/extension.js:9:117515
	at async l.provideDocumentSymbols (/home/chrispro-1/.vscode-server/bin/e7d7e9a9348e6a8cc8c03f877d39cb72e5dfb1ff/out/vs/server/remoteExtensionHostProcess.js:94:163113)
[2021-09-10 01:53:14.039] [exthost] [error] [ms-python.python] provider FAILED
[2021-09-10 01:53:14.039] [exthost] [error] Error: name must not be falsy
	at Function.validate (/home/chrispro-1/.vscode-server/bin/e7d7e9a9348e6a8cc8c03f877d39cb72e5dfb1ff/out/vs/server/remoteExtensionHostProcess.js:87:30732)
	at new s (/home/chrispro-1/.vscode-server/bin/e7d7e9a9348e6a8cc8c03f877d39cb72e5dfb1ff/out/vs/server/remoteExtensionHostProcess.js:87:30681)
	at new s (/home/chrispro-1/.vscode-server/bin/e7d7e9a9348e6a8cc8c03f877d39cb72e5dfb1ff/out/vs/server/remoteExtensionHostProcess.js:87:17480)
	at H (/home/chrispro-1/.vscode-server/extensions/ms-python.python-2021.9.1218897484/out/client/extension.js:59:131907)
	at Array.map (<anonymous>)
	at Object.asDocumentSymbols (/home/chrispro-1/.vscode-server/extensions/ms-python.python-2021.9.1218897484/out/client/extension.js:59:137245)
	at /home/chrispro-1/.vscode-server/extensions/ms-python.python-2021.9.1218897484/out/client/extension.js:9:117515
	at async l.provideDocumentSymbols (/home/chrispro-1/.vscode-server/bin/e7d7e9a9348e6a8cc8c03f877d39cb72e5dfb1ff/out/vs/server/remoteExtensionHostProcess.js:94:163113)
[2021-09-10 01:53:14.600] [exthost] [error] [ms-python.python] provider FAILED
[2021-09-10 01:53:14.600] [exthost] [error] Error: name must not be falsy
	at Function.validate (/home/chrispro-1/.vscode-server/bin/e7d7e9a9348e6a8cc8c03f877d39cb72e5dfb1ff/out/vs/server/remoteExtensionHostProcess.js:87:30732)
	at new s (/home/chrispro-1/.vscode-server/bin/e7d7e9a9348e6a8cc8c03f877d39cb72e5dfb1ff/out/vs/server/remoteExtensionHostProcess.js:87:30681)
	at new s (/home/chrispro-1/.vscode-server/bin/e7d7e9a9348e6a8cc8c03f877d39cb72e5dfb1ff/out/vs/server/remoteExtensionHostProcess.js:87:17480)
	at H (/home/chrispro-1/.vscode-server/extensions/ms-python.python-2021.9.1218897484/out/client/extension.js:59:131907)
	at Array.map (<anonymous>)
	at Object.asDocumentSymbols (/home/chrispro-1/.vscode-server/extensions/ms-python.python-2021.9.1218897484/out/client/extension.js:59:137245)
	at /home/chrispro-1/.vscode-server/extensions/ms-python.python-2021.9.1218897484/out/client/extension.js:9:117515
	at async l.provideDocumentSymbols (/home/chrispro-1/.vscode-server/bin/e7d7e9a9348e6a8cc8c03f877d39cb72e5dfb1ff/out/vs/server/remoteExtensionHostProcess.js:94:163113)
[2021-09-10 01:53:17.463] [exthost] [error] [ms-python.python] provider FAILED
[2021-09-10 01:53:17.463] [exthost] [error] Error: name must not be falsy
	at Function.validate (/home/chrispro-1/.vscode-server/bin/e7d7e9a9348e6a8cc8c03f877d39cb72e5dfb1ff/out/vs/server/remoteExtensionHostProcess.js:87:30732)
	at new s (/home/chrispro-1/.vscode-server/bin/e7d7e9a9348e6a8cc8c03f877d39cb72e5dfb1ff/out/vs/server/remoteExtensionHostProcess.js:87:30681)
	at new s (/home/chrispro-1/.vscode-server/bin/e7d7e9a9348e6a8cc8c03f877d39cb72e5dfb1ff/out/vs/server/remoteExtensionHostProcess.js:87:17480)
	at H (/home/chrispro-1/.vscode-server/extensions/ms-python.python-2021.9.1218897484/out/client/extension.js:59:131907)
	at Array.map (<anonymous>)
	at Object.asDocumentSymbols (/home/chrispro-1/.vscode-server/extensions/ms-python.python-2021.9.1218897484/out/client/extension.js:59:137245)
	at /home/chrispro-1/.vscode-server/extensions/ms-python.python-2021.9.1218897484/out/client/extension.js:9:117515
	at async l.provideDocumentSymbols (/home/chrispro-1/.vscode-server/bin/e7d7e9a9348e6a8cc8c03f877d39cb72e5dfb1ff/out/vs/server/remoteExtensionHostProcess.js:94:163113)
[2021-09-10 01:53:18.306] [exthost] [error] [ms-python.python] provider FAILED
[2021-09-10 01:53:18.306] [exthost] [error] Error: name must not be falsy
	at Function.validate (/home/chrispro-1/.vscode-server/bin/e7d7e9a9348e6a8cc8c03f877d39cb72e5dfb1ff/out/vs/server/remoteExtensionHostProcess.js:87:30732)
	at new s (/home/chrispro-1/.vscode-server/bin/e7d7e9a9348e6a8cc8c03f877d39cb72e5dfb1ff/out/vs/server/remoteExtensionHostProcess.js:87:30681)
	at new s (/home/chrispro-1/.vscode-server/bin/e7d7e9a9348e6a8cc8c03f877d39cb72e5dfb1ff/out/vs/server/remoteExtensionHostProcess.js:87:17480)
	at H (/home/chrispro-1/.vscode-server/extensions/ms-python.python-2021.9.1218897484/out/client/extension.js:59:131907)
	at Array.map (<anonymous>)
	at Object.asDocumentSymbols (/home/chrispro-1/.vscode-server/extensions/ms-python.python-2021.9.1218897484/out/client/extension.js:59:137245)
	at /home/chrispro-1/.vscode-server/extensions/ms-python.python-2021.9.1218897484/out/client/extension.js:9:117515
	at async l.provideDocumentSymbols (/home/chrispro-1/.vscode-server/bin/e7d7e9a9348e6a8cc8c03f877d39cb72e5dfb1ff/out/vs/server/remoteExtensionHostProcess.js:94:163113)
[2021-09-10 01:53:19.015] [exthost] [error] [ms-python.python] provider FAILED
[2021-09-10 01:53:19.015] [exthost] [error] Canceled: Canceled
	at _.makeCancelError (/home/chrispro-1/.vscode-server/extensions/ms-python.python-2021.9.1218897484/out/client/extension.js:9:152754)
	at _.handleFailedRequest (/home/chrispro-1/.vscode-server/extensions/ms-python.python-2021.9.1218897484/out/client/extension.js:9:152605)
	at /home/chrispro-1/.vscode-server/extensions/ms-python.python-2021.9.1218897484/out/client/extension.js:9:120466
	at async S.provideCodeActions (/home/chrispro-1/.vscode-server/bin/e7d7e9a9348e6a8cc8c03f877d39cb72e5dfb1ff/out/vs/server/remoteExtensionHostProcess.js:94:168622)
[2021-09-10 01:53:19.356] [exthost] [error] [ms-python.python] provider FAILED
[2021-09-10 01:53:19.356] [exthost] [error] Error: name must not be falsy
	at Function.validate (/home/chrispro-1/.vscode-server/bin/e7d7e9a9348e6a8cc8c03f877d39cb72e5dfb1ff/out/vs/server/remoteExtensionHostProcess.js:87:30732)
	at new s (/home/chrispro-1/.vscode-server/bin/e7d7e9a9348e6a8cc8c03f877d39cb72e5dfb1ff/out/vs/server/remoteExtensionHostProcess.js:87:30681)
	at new s (/home/chrispro-1/.vscode-server/bin/e7d7e9a9348e6a8cc8c03f877d39cb72e5dfb1ff/out/vs/server/remoteExtensionHostProcess.js:87:17480)
	at H (/home/chrispro-1/.vscode-server/extensions/ms-python.python-2021.9.1218897484/out/client/extension.js:59:131907)
	at Array.map (<anonymous>)
	at Object.asDocumentSymbols (/home/chrispro-1/.vscode-server/extensions/ms-python.python-2021.9.1218897484/out/client/extension.js:59:137245)
	at /home/chrispro-1/.vscode-server/extensions/ms-python.python-2021.9.1218897484/out/client/extension.js:9:117515
	at async l.provideDocumentSymbols (/home/chrispro-1/.vscode-server/bin/e7d7e9a9348e6a8cc8c03f877d39cb72e5dfb1ff/out/vs/server/remoteExtensionHostProcess.js:94:163113)
[2021-09-10 01:53:19.987] [exthost] [error] [ms-python.python] provider FAILED
[2021-09-10 01:53:19.988] [exthost] [error] Error: name must not be falsy
	at Function.validate (/home/chrispro-1/.vscode-server/bin/e7d7e9a9348e6a8cc8c03f877d39cb72e5dfb1ff/out/vs/server/remoteExtensionHostProcess.js:87:30732)
	at new s (/home/chrispro-1/.vscode-server/bin/e7d7e9a9348e6a8cc8c03f877d39cb72e5dfb1ff/out/vs/server/remoteExtensionHostProcess.js:87:30681)
	at new s (/home/chrispro-1/.vscode-server/bin/e7d7e9a9348e6a8cc8c03f877d39cb72e5dfb1ff/out/vs/server/remoteExtensionHostProcess.js:87:17480)
	at H (/home/chrispro-1/.vscode-server/extensions/ms-python.python-2021.9.1218897484/out/client/extension.js:59:131907)
	at Array.map (<anonymous>)
	at Object.asDocumentSymbols (/home/chrispro-1/.vscode-server/extensions/ms-python.python-2021.9.1218897484/out/client/extension.js:59:137245)
	at /home/chrispro-1/.vscode-server/extensions/ms-python.python-2021.9.1218897484/out/client/extension.js:9:117515
	at async l.provideDocumentSymbols (/home/chrispro-1/.vscode-server/bin/e7d7e9a9348e6a8cc8c03f877d39cb72e5dfb1ff/out/vs/server/remoteExtensionHostProcess.js:94:163113)
[2021-09-10 01:53:21.703] [exthost] [error] [ms-python.python] provider FAILED
[2021-09-10 01:53:21.704] [exthost] [error] Canceled: Canceled
	at _.makeCancelError (/home/chrispro-1/.vscode-server/extensions/ms-python.python-2021.9.1218897484/out/client/extension.js:9:152754)
	at _.handleFailedRequest (/home/chrispro-1/.vscode-server/extensions/ms-python.python-2021.9.1218897484/out/client/extension.js:9:152605)
	at /home/chrispro-1/.vscode-server/extensions/ms-python.python-2021.9.1218897484/out/client/extension.js:9:120466
	at async S.provideCodeActions (/home/chrispro-1/.vscode-server/bin/e7d7e9a9348e6a8cc8c03f877d39cb72e5dfb1ff/out/vs/server/remoteExtensionHostProcess.js:94:168622)
[2021-09-10 01:53:22.733] [exthost] [error] [ms-python.python] provider FAILED
[2021-09-10 01:53:22.733] [exthost] [error] Error: name must not be falsy
	at Function.validate (/home/chrispro-1/.vscode-server/bin/e7d7e9a9348e6a8cc8c03f877d39cb72e5dfb1ff/out/vs/server/remoteExtensionHostProcess.js:87:30732)
	at new s (/home/chrispro-1/.vscode-server/bin/e7d7e9a9348e6a8cc8c03f877d39cb72e5dfb1ff/out/vs/server/remoteExtensionHostProcess.js:87:30681)
	at new s (/home/chrispro-1/.vscode-server/bin/e7d7e9a9348e6a8cc8c03f877d39cb72e5dfb1ff/out/vs/server/remoteExtensionHostProcess.js:87:17480)
	at H (/home/chrispro-1/.vscode-server/extensions/ms-python.python-2021.9.1218897484/out/client/extension.js:59:131907)
	at Array.map (<anonymous>)
	at Object.asDocumentSymbols (/home/chrispro-1/.vscode-server/extensions/ms-python.python-2021.9.1218897484/out/client/extension.js:59:137245)
	at /home/chrispro-1/.vscode-server/extensions/ms-python.python-2021.9.1218897484/out/client/extension.js:9:117515
	at async l.provideDocumentSymbols (/home/chrispro-1/.vscode-server/bin/e7d7e9a9348e6a8cc8c03f877d39cb72e5dfb1ff/out/vs/server/remoteExtensionHostProcess.js:94:163113)
[2021-09-10 01:53:23.858] [exthost] [error] [ms-python.python] provider FAILED
[2021-09-10 01:53:23.858] [exthost] [error] Error: name must not be falsy
	at Function.validate (/home/chrispro-1/.vscode-server/bin/e7d7e9a9348e6a8cc8c03f877d39cb72e5dfb1ff/out/vs/server/remoteExtensionHostProcess.js:87:30732)
	at new s (/home/chrispro-1/.vscode-server/bin/e7d7e9a9348e6a8cc8c03f877d39cb72e5dfb1ff/out/vs/server/remoteExtensionHostProcess.js:87:30681)
	at new s (/home/chrispro-1/.vscode-server/bin/e7d7e9a9348e6a8cc8c03f877d39cb72e5dfb1ff/out/vs/server/remoteExtensionHostProcess.js:87:17480)
	at H (/home/chrispro-1/.vscode-server/extensions/ms-python.python-2021.9.1218897484/out/client/extension.js:59:131907)
	at Array.map (<anonymous>)
	at Object.asDocumentSymbols (/home/chrispro-1/.vscode-server/extensions/ms-python.python-2021.9.1218897484/out/client/extension.js:59:137245)
	at /home/chrispro-1/.vscode-server/extensions/ms-python.python-2021.9.1218897484/out/client/extension.js:9:117515
	at async l.provideDocumentSymbols (/home/chrispro-1/.vscode-server/bin/e7d7e9a9348e6a8cc8c03f877d39cb72e5dfb1ff/out/vs/server/remoteExtensionHostProcess.js:94:163113)
[2021-09-10 01:53:25.244] [exthost] [error] [ms-python.python] provider FAILED
[2021-09-10 01:53:25.244] [exthost] [error] Error: name must not be falsy
	at Function.validate (/home/chrispro-1/.vscode-server/bin/e7d7e9a9348e6a8cc8c03f877d39cb72e5dfb1ff/out/vs/server/remoteExtensionHostProcess.js:87:30732)
	at new s (/home/chrispro-1/.vscode-server/bin/e7d7e9a9348e6a8cc8c03f877d39cb72e5dfb1ff/out/vs/server/remoteExtensionHostProcess.js:87:30681)
	at new s (/home/chrispro-1/.vscode-server/bin/e7d7e9a9348e6a8cc8c03f877d39cb72e5dfb1ff/out/vs/server/remoteExtensionHostProcess.js:87:17480)
	at H (/home/chrispro-1/.vscode-server/extensions/ms-python.python-2021.9.1218897484/out/client/extension.js:59:131907)
	at Array.map (<anonymous>)
	at Object.asDocumentSymbols (/home/chrispro-1/.vscode-server/extensions/ms-python.python-2021.9.1218897484/out/client/extension.js:59:137245)
	at /home/chrispro-1/.vscode-server/extensions/ms-python.python-2021.9.1218897484/out/client/extension.js:9:117515
	at async l.provideDocumentSymbols (/home/chrispro-1/.vscode-server/bin/e7d7e9a9348e6a8cc8c03f877d39cb72e5dfb1ff/out/vs/server/remoteExtensionHostProcess.js:94:163113)
[2021-09-10 01:53:25.719] [exthost] [error] [ms-python.python] provider FAILED
[2021-09-10 01:53:25.719] [exthost] [error] Error: name must not be falsy
	at Function.validate (/home/chrispro-1/.vscode-server/bin/e7d7e9a9348e6a8cc8c03f877d39cb72e5dfb1ff/out/vs/server/remoteExtensionHostProcess.js:87:30732)
	at new s (/home/chrispro-1/.vscode-server/bin/e7d7e9a9348e6a8cc8c03f877d39cb72e5dfb1ff/out/vs/server/remoteExtensionHostProcess.js:87:30681)
	at new s (/home/chrispro-1/.vscode-server/bin/e7d7e9a9348e6a8cc8c03f877d39cb72e5dfb1ff/out/vs/server/remoteExtensionHostProcess.js:87:17480)
	at H (/home/chrispro-1/.vscode-server/extensions/ms-python.python-2021.9.1218897484/out/client/extension.js:59:131907)
	at Array.map (<anonymous>)
	at Object.asDocumentSymbols (/home/chrispro-1/.vscode-server/extensions/ms-python.python-2021.9.1218897484/out/client/extension.js:59:137245)
	at /home/chrispro-1/.vscode-server/extensions/ms-python.python-2021.9.1218897484/out/client/extension.js:9:117515
	at async l.provideDocumentSymbols (/home/chrispro-1/.vscode-server/bin/e7d7e9a9348e6a8cc8c03f877d39cb72e5dfb1ff/out/vs/server/remoteExtensionHostProcess.js:94:163113)
[2021-09-10 01:53:26.401] [exthost] [error] [ms-python.python] provider FAILED
[2021-09-10 01:53:26.402] [exthost] [error] Error: name must not be falsy
	at Function.validate (/home/chrispro-1/.vscode-server/bin/e7d7e9a9348e6a8cc8c03f877d39cb72e5dfb1ff/out/vs/server/remoteExtensionHostProcess.js:87:30732)
	at new s (/home/chrispro-1/.vscode-server/bin/e7d7e9a9348e6a8cc8c03f877d39cb72e5dfb1ff/out/vs/server/remoteExtensionHostProcess.js:87:30681)
	at new s (/home/chrispro-1/.vscode-server/bin/e7d7e9a9348e6a8cc8c03f877d39cb72e5dfb1ff/out/vs/server/remoteExtensionHostProcess.js:87:17480)
	at H (/home/chrispro-1/.vscode-server/extensions/ms-python.python-2021.9.1218897484/out/client/extension.js:59:131907)
	at Array.map (<anonymous>)
	at Object.asDocumentSymbols (/home/chrispro-1/.vscode-server/extensions/ms-python.python-2021.9.1218897484/out/client/extension.js:59:137245)
	at /home/chrispro-1/.vscode-server/extensions/ms-python.python-2021.9.1218897484/out/client/extension.js:9:117515
	at async l.provideDocumentSymbols (/home/chrispro-1/.vscode-server/bin/e7d7e9a9348e6a8cc8c03f877d39cb72e5dfb1ff/out/vs/server/remoteExtensionHostProcess.js:94:163113)
[2021-09-10 01:53:28.448] [exthost] [error] [ms-python.python] provider FAILED
[2021-09-10 01:53:28.448] [exthost] [error] Error: name must not be falsy
	at Function.validate (/home/chrispro-1/.vscode-server/bin/e7d7e9a9348e6a8cc8c03f877d39cb72e5dfb1ff/out/vs/server/remoteExtensionHostProcess.js:87:30732)
	at new s (/home/chrispro-1/.vscode-server/bin/e7d7e9a9348e6a8cc8c03f877d39cb72e5dfb1ff/out/vs/server/remoteExtensionHostProcess.js:87:30681)
	at new s (/home/chrispro-1/.vscode-server/bin/e7d7e9a9348e6a8cc8c03f877d39cb72e5dfb1ff/out/vs/server/remoteExtensionHostProcess.js:87:17480)
	at H (/home/chrispro-1/.vscode-server/extensions/ms-python.python-2021.9.1218897484/out/client/extension.js:59:131907)
	at Array.map (<anonymous>)
	at Object.asDocumentSymbols (/home/chrispro-1/.vscode-server/extensions/ms-python.python-2021.9.1218897484/out/client/extension.js:59:137245)
	at /home/chrispro-1/.vscode-server/extensions/ms-python.python-2021.9.1218897484/out/client/extension.js:9:117515
	at async l.provideDocumentSymbols (/home/chrispro-1/.vscode-server/bin/e7d7e9a9348e6a8cc8c03f877d39cb72e5dfb1ff/out/vs/server/remoteExtensionHostProcess.js:94:163113)
[2021-09-10 01:53:29.292] [exthost] [error] [ms-python.python] provider FAILED
[2021-09-10 01:53:29.292] [exthost] [error] Error: name must not be falsy
	at Function.validate (/home/chrispro-1/.vscode-server/bin/e7d7e9a9348e6a8cc8c03f877d39cb72e5dfb1ff/out/vs/server/remoteExtensionHostProcess.js:87:30732)
	at new s (/home/chrispro-1/.vscode-server/bin/e7d7e9a9348e6a8cc8c03f877d39cb72e5dfb1ff/out/vs/server/remoteExtensionHostProcess.js:87:30681)
	at new s (/home/chrispro-1/.vscode-server/bin/e7d7e9a9348e6a8cc8c03f877d39cb72e5dfb1ff/out/vs/server/remoteExtensionHostProcess.js:87:17480)
	at H (/home/chrispro-1/.vscode-server/extensions/ms-python.python-2021.9.1218897484/out/client/extension.js:59:131907)
	at Array.map (<anonymous>)
	at Object.asDocumentSymbols (/home/chrispro-1/.vscode-server/extensions/ms-python.python-2021.9.1218897484/out/client/extension.js:59:137245)
	at /home/chrispro-1/.vscode-server/extensions/ms-python.python-2021.9.1218897484/out/client/extension.js:9:117515
	at async l.provideDocumentSymbols (/home/chrispro-1/.vscode-server/bin/e7d7e9a9348e6a8cc8c03f877d39cb72e5dfb1ff/out/vs/server/remoteExtensionHostProcess.js:94:163113)
[2021-09-10 01:53:29.977] [exthost] [error] [ms-python.python] provider FAILED
[2021-09-10 01:53:29.977] [exthost] [error] Error: name must not be falsy
	at Function.validate (/home/chrispro-1/.vscode-server/bin/e7d7e9a9348e6a8cc8c03f877d39cb72e5dfb1ff/out/vs/server/remoteExtensionHostProcess.js:87:30732)
	at new s (/home/chrispro-1/.vscode-server/bin/e7d7e9a9348e6a8cc8c03f877d39cb72e5dfb1ff/out/vs/server/remoteExtensionHostProcess.js:87:30681)
	at new s (/home/chrispro-1/.vscode-server/bin/e7d7e9a9348e6a8cc8c03f877d39cb72e5dfb1ff/out/vs/server/remoteExtensionHostProcess.js:87:17480)
	at H (/home/chrispro-1/.vscode-server/extensions/ms-python.python-2021.9.1218897484/out/client/extension.js:59:131907)
	at Array.map (<anonymous>)
	at Object.asDocumentSymbols (/home/chrispro-1/.vscode-server/extensions/ms-python.python-2021.9.1218897484/out/client/extension.js:59:137245)
	at /home/chrispro-1/.vscode-server/extensions/ms-python.python-2021.9.1218897484/out/client/extension.js:9:117515
	at async l.provideDocumentSymbols (/home/chrispro-1/.vscode-server/bin/e7d7e9a9348e6a8cc8c03f877d39cb72e5dfb1ff/out/vs/server/remoteExtensionHostProcess.js:94:163113)
[2021-09-10 01:53:30.474] [exthost] [error] [ms-python.python] provider FAILED
[2021-09-10 01:53:30.475] [exthost] [error] Canceled: Canceled
	at _.makeCancelError (/home/chrispro-1/.vscode-server/extensions/ms-python.python-2021.9.1218897484/out/client/extension.js:9:152754)
	at _.handleFailedRequest (/home/chrispro-1/.vscode-server/extensions/ms-python.python-2021.9.1218897484/out/client/extension.js:9:152605)
	at /home/chrispro-1/.vscode-server/extensions/ms-python.python-2021.9.1218897484/out/client/extension.js:9:120466
	at async S.provideCodeActions (/home/chrispro-1/.vscode-server/bin/e7d7e9a9348e6a8cc8c03f877d39cb72e5dfb1ff/out/vs/server/remoteExtensionHostProcess.js:94:168622)
[2021-09-10 01:53:31.473] [exthost] [error] [ms-python.python] provider FAILED
[2021-09-10 01:53:31.473] [exthost] [error] Error: name must not be falsy
	at Function.validate (/home/chrispro-1/.vscode-server/bin/e7d7e9a9348e6a8cc8c03f877d39cb72e5dfb1ff/out/vs/server/remoteExtensionHostProcess.js:87:30732)
	at new s (/home/chrispro-1/.vscode-server/bin/e7d7e9a9348e6a8cc8c03f877d39cb72e5dfb1ff/out/vs/server/remoteExtensionHostProcess.js:87:30681)
	at new s (/home/chrispro-1/.vscode-server/bin/e7d7e9a9348e6a8cc8c03f877d39cb72e5dfb1ff/out/vs/server/remoteExtensionHostProcess.js:87:17480)
	at H (/home/chrispro-1/.vscode-server/extensions/ms-python.python-2021.9.1218897484/out/client/extension.js:59:131907)
	at Array.map (<anonymous>)
	at Object.asDocumentSymbols (/home/chrispro-1/.vscode-server/extensions/ms-python.python-2021.9.1218897484/out/client/extension.js:59:137245)
	at /home/chrispro-1/.vscode-server/extensions/ms-python.python-2021.9.1218897484/out/client/extension.js:9:117515
	at async l.provideDocumentSymbols (/home/chrispro-1/.vscode-server/bin/e7d7e9a9348e6a8cc8c03f877d39cb72e5dfb1ff/out/vs/server/remoteExtensionHostProcess.js:94:163113)
[2021-09-10 01:53:32.026] [exthost] [error] [ms-python.python] provider FAILED
[2021-09-10 01:53:32.026] [exthost] [error] Error: name must not be falsy
	at Function.validate (/home/chrispro-1/.vscode-server/bin/e7d7e9a9348e6a8cc8c03f877d39cb72e5dfb1ff/out/vs/server/remoteExtensionHostProcess.js:87:30732)
	at new s (/home/chrispro-1/.vscode-server/bin/e7d7e9a9348e6a8cc8c03f877d39cb72e5dfb1ff/out/vs/server/remoteExtensionHostProcess.js:87:30681)
	at new s (/home/chrispro-1/.vscode-server/bin/e7d7e9a9348e6a8cc8c03f877d39cb72e5dfb1ff/out/vs/server/remoteExtensionHostProcess.js:87:17480)
	at H (/home/chrispro-1/.vscode-server/extensions/ms-python.python-2021.9.1218897484/out/client/extension.js:59:131907)
	at Array.map (<anonymous>)
	at Object.asDocumentSymbols (/home/chrispro-1/.vscode-server/extensions/ms-python.python-2021.9.1218897484/out/client/extension.js:59:137245)
	at /home/chrispro-1/.vscode-server/extensions/ms-python.python-2021.9.1218897484/out/client/extension.js:9:117515
	at async l.provideDocumentSymbols (/home/chrispro-1/.vscode-server/bin/e7d7e9a9348e6a8cc8c03f877d39cb72e5dfb1ff/out/vs/server/remoteExtensionHostProcess.js:94:163113)
[2021-09-10 01:53:35.598] [exthost] [error] [ms-python.python] provider FAILED
[2021-09-10 01:53:35.598] [exthost] [error] Canceled: Canceled
	at _.makeCancelError (/home/chrispro-1/.vscode-server/extensions/ms-python.python-2021.9.1218897484/out/client/extension.js:9:152754)
	at _.handleFailedRequest (/home/chrispro-1/.vscode-server/extensions/ms-python.python-2021.9.1218897484/out/client/extension.js:9:152605)
	at /home/chrispro-1/.vscode-server/extensions/ms-python.python-2021.9.1218897484/out/client/extension.js:9:120466
	at async S.provideCodeActions (/home/chrispro-1/.vscode-server/bin/e7d7e9a9348e6a8cc8c03f877d39cb72e5dfb1ff/out/vs/server/remoteExtensionHostProcess.js:94:168622)
[2021-09-10 02:01:39.453] [exthost] [info] ExtensionService#_doActivateExtension vscode.extension-editing {"startup":false,"extensionId":{"value":"vscode.extension-editing","_lower":"vscode.extension-editing"},"activationEvent":"onLanguage:json"}
[2021-09-10 02:01:39.454] [exthost] [info] ExtensionService#loadCommonJSModule file:///home/chrispro-1/.vscode-server/bin/e7d7e9a9348e6a8cc8c03f877d39cb72e5dfb1ff/extensions/extension-editing/dist/extensionEditingMain
[2021-09-10 02:01:39.479] [exthost] [info] ExtensionService#_doActivateExtension vscode.npm {"startup":false,"extensionId":{"value":"vscode.npm","_lower":"vscode.npm"},"activationEvent":"onLanguage:json"}
[2021-09-10 02:01:39.479] [exthost] [info] ExtensionService#loadCommonJSModule file:///home/chrispro-1/.vscode-server/bin/e7d7e9a9348e6a8cc8c03f877d39cb72e5dfb1ff/extensions/npm/dist/npmMain
[2021-09-10 02:34:28.040] [exthost] [info] extension host terminating: renderer disconnected for too long (2)
[2021-09-10 02:35:59.287] [exthost] [info] Lock '/home/chrispro-1/.vscode-server/data/User/workspaceStorage/ff07c3d624e7023531dba7186d6b8581/vscode.lock': Marking the lockfile as scheduled to be released in 6000 ms.
[2021-09-10 02:36:04.646] [exthost] [error] SyntaxError: Unexpected end of JSON input
	at JSON.parse (<anonymous>)
	at v (/home/chrispro-1/.vscode-server/bin/e7d7e9a9348e6a8cc8c03f877d39cb72e5dfb1ff/out/vs/server/remoteExtensionHostProcess.js:95:94470)
	at async /home/chrispro-1/.vscode-server/bin/e7d7e9a9348e6a8cc8c03f877d39cb72e5dfb1ff/out/vs/server/remoteExtensionHostProcess.js:95:93347
[2021-09-10 02:36:04.687] [exthost] [info] Lock '/home/chrispro-1/.vscode-server/data/User/workspaceStorage/ff07c3d624e7023531dba7186d6b8581/vscode.lock': The lock was lost unexpectedly.
[2021-09-10 02:36:05.217] [exthost] [info] exiting with code 0
