[2021-09-15 04:03:27.762] [exthost] [info] extension host started
[2021-09-15 04:03:27.837] [exthost] [info] ExtensionService#_doActivateExtension vscode.debug-auto-launch {"startup":true,"extensionId":{"value":"vscode.debug-auto-launch","_lower":"vscode.debug-auto-launch"},"activationEvent":"*"}
[2021-09-15 04:03:27.837] [exthost] [info] ExtensionService#loadCommonJSModule file:///home/chrispro-1/.vscode-server/bin/e7d7e9a9348e6a8cc8c03f877d39cb72e5dfb1ff/extensions/debug-auto-launch/dist/extension
[2021-09-15 04:03:27.844] [exthost] [info] ExtensionService#_doActivateExtension vscode.git {"startup":true,"extensionId":{"value":"vscode.github","_lower":"vscode.github"},"activationEvent":"*"}
[2021-09-15 04:03:27.844] [exthost] [info] ExtensionService#loadCommonJSModule file:///home/chrispro-1/.vscode-server/bin/e7d7e9a9348e6a8cc8c03f877d39cb72e5dfb1ff/extensions/git/dist/main
[2021-09-15 04:03:27.959] [exthost] [info] ExtensionService#_doActivateExtension ivangabriele.vscode-heroku {"startup":true,"extensionId":{"value":"ivangabriele.vscode-heroku","_lower":"ivangabriele.vscode-heroku"},"activationEvent":"*"}
[2021-09-15 04:03:27.959] [exthost] [info] ExtensionService#loadCommonJSModule file:///home/chrispro-1/.vscode-server/extensions/ivangabriele.vscode-heroku-1.2.6/out/extension
[2021-09-15 04:03:28.100] [exthost] [error] Activating extension ivangabriele.vscode-heroku failed due to an error:
[2021-09-15 04:03:28.100] [exthost] [error] TypeError: Cannot read property '0' of undefined
	at new HerokuStatus (/home/chrispro-1/.vscode-server/extensions/ivangabriele.vscode-heroku-1.2.6/out/components/HerokuStatus.js:65:55)
	at activate (/home/chrispro-1/.vscode-server/extensions/ivangabriele.vscode-heroku-1.2.6/out/extension.js:7:5)
	at Function._callActivateOptional (/home/chrispro-1/.vscode-server/bin/e7d7e9a9348e6a8cc8c03f877d39cb72e5dfb1ff/out/vs/server/remoteExtensionHostProcess.js:99:14900)
	at Function._callActivate (/home/chrispro-1/.vscode-server/bin/e7d7e9a9348e6a8cc8c03f877d39cb72e5dfb1ff/out/vs/server/remoteExtensionHostProcess.js:99:14576)
	at /home/chrispro-1/.vscode-server/bin/e7d7e9a9348e6a8cc8c03f877d39cb72e5dfb1ff/out/vs/server/remoteExtensionHostProcess.js:99:12779
	at async Promise.all (index 2)
	at async Promise.all (index 0)
[2021-09-15 04:03:28.180] [exthost] [info] ExtensionService#_doActivateExtension ms-vscode.js-debug {"startup":false,"extensionId":{"value":"ms-vscode.js-debug","_lower":"ms-vscode.js-debug"},"activationEvent":"onCommand:extension.js-debug.clearAutoAttachVariables"}
[2021-09-15 04:03:28.180] [exthost] [info] ExtensionService#loadCommonJSModule file:///home/chrispro-1/.vscode-server/bin/e7d7e9a9348e6a8cc8c03f877d39cb72e5dfb1ff/extensions/ms-vscode.js-debug/src/extension.js
[2021-09-15 04:03:28.554] [exthost] [info] ExtensionService#_doActivateExtension vscode.github {"startup":true,"extensionId":{"value":"vscode.github","_lower":"vscode.github"},"activationEvent":"*"}
[2021-09-15 04:03:28.554] [exthost] [info] ExtensionService#loadCommonJSModule file:///home/chrispro-1/.vscode-server/bin/e7d7e9a9348e6a8cc8c03f877d39cb72e5dfb1ff/extensions/github/dist/extension.js
[2021-09-15 04:03:28.710] [exthost] [info] ExtensionService#_doActivateExtension vscode.emmet {"startup":false,"extensionId":{"value":"vscode.emmet","_lower":"vscode.emmet"},"activationEvent":"onStartupFinished"}
[2021-09-15 04:03:28.710] [exthost] [info] ExtensionService#loadCommonJSModule file:///home/chrispro-1/.vscode-server/bin/e7d7e9a9348e6a8cc8c03f877d39cb72e5dfb1ff/extensions/emmet/dist/node/emmetNodeMain
[2021-09-15 04:03:28.735] [exthost] [info] ExtensionService#_doActivateExtension vscode.merge-conflict {"startup":false,"extensionId":{"value":"vscode.merge-conflict","_lower":"vscode.merge-conflict"},"activationEvent":"onStartupFinished"}
[2021-09-15 04:03:28.735] [exthost] [info] ExtensionService#loadCommonJSModule file:///home/chrispro-1/.vscode-server/bin/e7d7e9a9348e6a8cc8c03f877d39cb72e5dfb1ff/extensions/merge-conflict/dist/mergeConflictMain
[2021-09-15 04:03:28.741] [exthost] [info] eager extensions activated
[2021-09-15 04:03:33.882] [exthost] [info] extension host terminating: received terminate message from renderer
[2021-09-15 04:03:34.894] [exthost] [info] exiting with code 0
