[2021-09-12 23:33:01.278] [exthost] [info] extension host started
[2021-09-12 23:33:01.344] [exthost] [info] ExtensionService#_doActivateExtension vscode.debug-auto-launch {"startup":true,"extensionId":{"value":"vscode.debug-auto-launch","_lower":"vscode.debug-auto-launch"},"activationEvent":"*"}
[2021-09-12 23:33:01.344] [exthost] [info] ExtensionService#loadCommonJSModule file:///home/chrispro-1/.vscode-server/bin/e7d7e9a9348e6a8cc8c03f877d39cb72e5dfb1ff/extensions/debug-auto-launch/dist/extension
[2021-09-12 23:33:01.357] [exthost] [info] ExtensionService#_doActivateExtension vscode.git {"startup":true,"extensionId":{"value":"vscode.github","_lower":"vscode.github"},"activationEvent":"*"}
[2021-09-12 23:33:01.357] [exthost] [info] ExtensionService#loadCommonJSModule file:///home/chrispro-1/.vscode-server/bin/e7d7e9a9348e6a8cc8c03f877d39cb72e5dfb1ff/extensions/git/dist/main
[2021-09-12 23:33:01.590] [exthost] [info] ExtensionService#_doActivateExtension vscode.github {"startup":true,"extensionId":{"value":"vscode.github","_lower":"vscode.github"},"activationEvent":"*"}
[2021-09-12 23:33:01.590] [exthost] [info] ExtensionService#loadCommonJSModule file:///home/chrispro-1/.vscode-server/bin/e7d7e9a9348e6a8cc8c03f877d39cb72e5dfb1ff/extensions/github/dist/extension.js
[2021-09-12 23:33:01.642] [exthost] [info] ExtensionService#_doActivateExtension vscode.emmet {"startup":false,"extensionId":{"value":"vscode.emmet","_lower":"vscode.emmet"},"activationEvent":"onStartupFinished"}
[2021-09-12 23:33:01.642] [exthost] [info] ExtensionService#loadCommonJSModule file:///home/chrispro-1/.vscode-server/bin/e7d7e9a9348e6a8cc8c03f877d39cb72e5dfb1ff/extensions/emmet/dist/node/emmetNodeMain
[2021-09-12 23:33:01.661] [exthost] [info] ExtensionService#_doActivateExtension vscode.merge-conflict {"startup":false,"extensionId":{"value":"vscode.merge-conflict","_lower":"vscode.merge-conflict"},"activationEvent":"onStartupFinished"}
[2021-09-12 23:33:01.661] [exthost] [info] ExtensionService#loadCommonJSModule file:///home/chrispro-1/.vscode-server/bin/e7d7e9a9348e6a8cc8c03f877d39cb72e5dfb1ff/extensions/merge-conflict/dist/mergeConflictMain
[2021-09-12 23:33:01.665] [exthost] [info] eager extensions activated
[2021-09-12 23:33:01.670] [exthost] [info] ExtensionService#_doActivateExtension ms-vscode.js-debug {"startup":false,"extensionId":{"value":"ms-vscode.js-debug","_lower":"ms-vscode.js-debug"},"activationEvent":"onCommand:extension.js-debug.clearAutoAttachVariables"}
[2021-09-12 23:33:01.670] [exthost] [info] ExtensionService#loadCommonJSModule file:///home/chrispro-1/.vscode-server/bin/e7d7e9a9348e6a8cc8c03f877d39cb72e5dfb1ff/extensions/ms-vscode.js-debug/src/extension.js
[2021-09-12 23:33:25.256] [exthost] [info] ExtensionService#_doActivateExtension vscode.html-language-features {"startup":false,"extensionId":{"value":"vscode.html-language-features","_lower":"vscode.html-language-features"},"activationEvent":"onLanguage:html"}
[2021-09-12 23:33:25.256] [exthost] [info] ExtensionService#loadCommonJSModule file:///home/chrispro-1/.vscode-server/bin/e7d7e9a9348e6a8cc8c03f877d39cb72e5dfb1ff/extensions/html-language-features/client/dist/node/htmlClientMain
[2021-09-12 23:33:58.482] [exthost] [info] ExtensionService#_doActivateExtension ms-python.python {"startup":false,"extensionId":{"value":"ms-python.vscode-pylance","_lower":"ms-python.vscode-pylance"},"activationEvent":"onLanguage:python"}
[2021-09-12 23:33:58.482] [exthost] [info] ExtensionService#loadCommonJSModule file:///home/chrispro-1/.vscode-server/extensions/ms-python.python-2021.9.1218897484/out/client/extension
[2021-09-12 23:33:58.996] [exthost] [info] ExtensionService#_doActivateExtension ms-toolsai.jupyter {"startup":false,"extensionId":{"value":"ms-toolsai.jupyter","_lower":"ms-toolsai.jupyter"},"activationEvent":"onLanguage:python"}
[2021-09-12 23:33:58.997] [exthost] [info] ExtensionService#loadCommonJSModule file:///home/chrispro-1/.vscode-server/extensions/ms-toolsai.jupyter-2021.8.2041215044/out/client/extension
[2021-09-12 23:34:00.775] [exthost] [info] ExtensionService#_doActivateExtension ms-python.vscode-pylance {"startup":false,"extensionId":{"value":"ms-python.vscode-pylance","_lower":"ms-python.vscode-pylance"},"activationEvent":"onLanguage:python"}
[2021-09-12 23:34:00.775] [exthost] [info] ExtensionService#loadCommonJSModule file:///home/chrispro-1/.vscode-server/extensions/ms-python.vscode-pylance-2021.9.1/dist/extension.bundle.js
[2021-09-12 23:34:03.830] [exthost] [error] [ms-python.python] provider FAILED
[2021-09-12 23:34:03.830] [exthost] [error] Canceled: Canceled
	at _.makeCancelError (/home/chrispro-1/.vscode-server/extensions/ms-python.python-2021.9.1218897484/out/client/extension.js:9:152754)
	at _.handleFailedRequest (/home/chrispro-1/.vscode-server/extensions/ms-python.python-2021.9.1218897484/out/client/extension.js:9:152605)
	at /home/chrispro-1/.vscode-server/extensions/ms-python.python-2021.9.1218897484/out/client/extension.js:9:112947
	at async g.provideHover (/home/chrispro-1/.vscode-server/bin/e7d7e9a9348e6a8cc8c03f877d39cb72e5dfb1ff/out/vs/server/remoteExtensionHostProcess.js:94:166317)
[2021-09-12 23:34:05.432] [exthost] [error] [ms-python.python] provider FAILED
[2021-09-12 23:34:05.433] [exthost] [error] Canceled: Canceled
	at _.makeCancelError (/home/chrispro-1/.vscode-server/extensions/ms-python.python-2021.9.1218897484/out/client/extension.js:9:152754)
	at _.handleFailedRequest (/home/chrispro-1/.vscode-server/extensions/ms-python.python-2021.9.1218897484/out/client/extension.js:9:152605)
	at /home/chrispro-1/.vscode-server/extensions/ms-python.python-2021.9.1218897484/out/client/extension.js:9:120466
	at async S.provideCodeActions (/home/chrispro-1/.vscode-server/bin/e7d7e9a9348e6a8cc8c03f877d39cb72e5dfb1ff/out/vs/server/remoteExtensionHostProcess.js:94:168622)
[2021-09-12 23:34:05.445] [exthost] [error] [ms-python.python] provider FAILED
[2021-09-12 23:34:05.445] [exthost] [error] Canceled: Canceled
	at _.makeCancelError (/home/chrispro-1/.vscode-server/extensions/ms-python.python-2021.9.1218897484/out/client/extension.js:9:152754)
	at _.handleFailedRequest (/home/chrispro-1/.vscode-server/extensions/ms-python.python-2021.9.1218897484/out/client/extension.js:9:152605)
	at /home/chrispro-1/.vscode-server/extensions/ms-python.python-2021.9.1218897484/out/client/extension.js:59:156174
	at async N.provideDocumentRangeSemanticTokens (/home/chrispro-1/.vscode-server/bin/e7d7e9a9348e6a8cc8c03f877d39cb72e5dfb1ff/out/vs/server/remoteExtensionHostProcess.js:94:176218)
[2021-09-12 23:34:05.463] [exthost] [error] [ms-python.python] provider FAILED
[2021-09-12 23:34:05.464] [exthost] [error] Canceled: Canceled
	at _.makeCancelError (/home/chrispro-1/.vscode-server/extensions/ms-python.python-2021.9.1218897484/out/client/extension.js:9:152754)
	at _.handleFailedRequest (/home/chrispro-1/.vscode-server/extensions/ms-python.python-2021.9.1218897484/out/client/extension.js:9:152605)
	at /home/chrispro-1/.vscode-server/extensions/ms-python.python-2021.9.1218897484/out/client/extension.js:59:156174
	at async N.provideDocumentRangeSemanticTokens (/home/chrispro-1/.vscode-server/bin/e7d7e9a9348e6a8cc8c03f877d39cb72e5dfb1ff/out/vs/server/remoteExtensionHostProcess.js:94:176218)
[2021-09-12 23:34:09.753] [exthost] [error] [ms-python.python] provider FAILED
[2021-09-12 23:34:09.753] [exthost] [error] Canceled: Canceled
	at _.makeCancelError (/home/chrispro-1/.vscode-server/extensions/ms-python.python-2021.9.1218897484/out/client/extension.js:9:152754)
	at _.handleFailedRequest (/home/chrispro-1/.vscode-server/extensions/ms-python.python-2021.9.1218897484/out/client/extension.js:9:152605)
	at /home/chrispro-1/.vscode-server/extensions/ms-python.python-2021.9.1218897484/out/client/extension.js:9:120466
	at async S.provideCodeActions (/home/chrispro-1/.vscode-server/bin/e7d7e9a9348e6a8cc8c03f877d39cb72e5dfb1ff/out/vs/server/remoteExtensionHostProcess.js:94:168622)
[2021-09-12 23:34:17.266] [exthost] [info] ExtensionService#_doActivateExtension vscode.debug-server-ready {"startup":false,"extensionId":{"value":"vscode.debug-server-ready","_lower":"vscode.debug-server-ready"},"activationEvent":"onDebugResolve"}
[2021-09-12 23:34:17.266] [exthost] [info] ExtensionService#loadCommonJSModule file:///home/chrispro-1/.vscode-server/bin/e7d7e9a9348e6a8cc8c03f877d39cb72e5dfb1ff/extensions/debug-server-ready/dist/extension
[2021-09-12 23:36:11.953] [exthost] [info] extension host terminating: received terminate message from renderer
[2021-09-12 23:36:12.985] [exthost] [info] exiting with code 0
