Validating found git in: git
Using git 2.25.1 from git
> git rev-parse --git-dir
Open repository: /home/chrispro-1
> git status -z -u
> git check-ignore -v -z --stdin
> git symbolic-ref --short HEAD
> git for-each-ref --format=%(refname)%00%(upstream:short)%00%(objectname)%00%(upstream:track) refs/heads/master refs/remotes/master
> git for-each-ref --sort -committerdate --format %(refname) %(objectname) %(*objectname)
> git remote --verbose
> git config --get commit.template
> git check-ignore -v -z --stdin
> git check-ignore -v -z --stdin
> git show --textconv :hw6/hw6.py
> git ls-files --stage -- /home/chrispro-1/hw6/hw6.py
> git check-ignore -v -z --stdin
> git ls-files --stage -- /home/chrispro-1/hw6/hw6.py
> git show --textconv :hw6/hw6.py
> git ls-files --stage -- /home/chrispro-1/hw6/hw6.py
> git show --textconv :hw6/hw6.py
> git check-ignore -v -z --stdin
> git ls-files --stage -- /home/chrispro-1/hw6/hw6.py
> git show --textconv :hw6/hw6.py
> git ls-files --stage -- /home/chrispro-1/hw6/hw6.py
> git show --textconv :hw6/hw6.py
> git ls-files --stage -- /home/chrispro-1/hw6/hw6.py
> git show --textconv :hw6/hw6.py
> git ls-files --stage -- /home/chrispro-1/hw6/hw6.py
> git cat-file -s 47cb22312ea5f1b398ec7c08bbfcbf8ac689bedc
> git show --textconv :hw6/hw6.py
> git ls-files --stage -- /home/chrispro-1/hw6/hw6.py
> git cat-file -s 47cb22312ea5f1b398ec7c08bbfcbf8ac689bedc
> git show --textconv :hw6/hw6.py
> git ls-files --stage -- /home/chrispro-1/hw6/hw6.py
> git cat-file -s 47cb22312ea5f1b398ec7c08bbfcbf8ac689bedc
> git show --textconv :hw6/hw6.py
> git ls-files --stage -- /home/chrispro-1/hw6/hw6.py
> git cat-file -s 47cb22312ea5f1b398ec7c08bbfcbf8ac689bedc
> git show --textconv :hw6/hw6.py
> git ls-files --stage -- /home/chrispro-1/hw6/hw6.py
> git cat-file -s 47cb22312ea5f1b398ec7c08bbfcbf8ac689bedc
> git show --textconv :hw6/hw6.py
> git ls-files --stage -- /home/chrispro-1/hw6/hw6.py
> git cat-file -s 47cb22312ea5f1b398ec7c08bbfcbf8ac689bedc
> git show --textconv :hw6/hw6.py
> git ls-files --stage -- /home/chrispro-1/hw6/hw6.py
> git cat-file -s 47cb22312ea5f1b398ec7c08bbfcbf8ac689bedc
> git show --textconv :hw6/hw6.py
> git ls-files --stage -- /home/chrispro-1/hw6/hw6.py
> git cat-file -s 47cb22312ea5f1b398ec7c08bbfcbf8ac689bedc
> git show --textconv :hw6/hw6.py
> git ls-files --stage -- /home/chrispro-1/hw6/hw6.py
> git cat-file -s 47cb22312ea5f1b398ec7c08bbfcbf8ac689bedc
> git show --textconv :hw6/hw6.py
> git ls-files --stage -- /home/chrispro-1/hw6/hw6.py
> git cat-file -s 47cb22312ea5f1b398ec7c08bbfcbf8ac689bedc
> git show --textconv :hw6/hw6.py
> git ls-files --stage -- /home/chrispro-1/hw6/hw6.py
> git cat-file -s 47cb22312ea5f1b398ec7c08bbfcbf8ac689bedc
> git show --textconv :hw6/hw6.py
> git ls-files --stage -- /home/chrispro-1/hw6/hw6.py
> git cat-file -s 47cb22312ea5f1b398ec7c08bbfcbf8ac689bedc
> git show --textconv :hw6/hw6.py
> git ls-files --stage -- /home/chrispro-1/hw6/hw6.py
> git cat-file -s 47cb22312ea5f1b398ec7c08bbfcbf8ac689bedc
> git show --textconv :hw6/hw6.py
> git ls-files --stage -- /home/chrispro-1/hw6/hw6.py
> git cat-file -s 47cb22312ea5f1b398ec7c08bbfcbf8ac689bedc
> git show --textconv :hw6/hw6.py
> git ls-files --stage -- /home/chrispro-1/hw6/hw6.py
> git cat-file -s 47cb22312ea5f1b398ec7c08bbfcbf8ac689bedc
> git show --textconv :hw6/hw6.py
> git ls-files --stage -- /home/chrispro-1/hw6/hw6.py
> git cat-file -s 47cb22312ea5f1b398ec7c08bbfcbf8ac689bedc
> git show --textconv :hw6/hw6.py
> git ls-files --stage -- /home/chrispro-1/hw6/hw6.py
> git cat-file -s 47cb22312ea5f1b398ec7c08bbfcbf8ac689bedc
> git show --textconv :hw6/hw6.py
> git ls-files --stage -- /home/chrispro-1/hw6/hw6.py
> git cat-file -s 47cb22312ea5f1b398ec7c08bbfcbf8ac689bedc
> git show --textconv :hw6/hw6.py
> git ls-files --stage -- /home/chrispro-1/hw6/hw6.py
> git cat-file -s 47cb22312ea5f1b398ec7c08bbfcbf8ac689bedc
> git show --textconv :hw6/hw6.py
> git ls-files --stage -- /home/chrispro-1/hw6/hw6.py
> git cat-file -s 47cb22312ea5f1b398ec7c08bbfcbf8ac689bedc
> git show --textconv :hw6/hw6.py
