[2021-09-12 23:32:31.246] [exthost] [info] extension host started
[2021-09-12 23:32:31.361] [exthost] [info] ExtensionService#_doActivateExtension vscode.debug-auto-launch {"startup":true,"extensionId":{"value":"vscode.debug-auto-launch","_lower":"vscode.debug-auto-launch"},"activationEvent":"*"}
[2021-09-12 23:32:31.361] [exthost] [info] ExtensionService#loadCommonJSModule file:///home/chrispro-1/.vscode-server/bin/e7d7e9a9348e6a8cc8c03f877d39cb72e5dfb1ff/extensions/debug-auto-launch/dist/extension
[2021-09-12 23:32:31.367] [exthost] [info] ExtensionService#_doActivateExtension vscode.git {"startup":true,"extensionId":{"value":"vscode.github","_lower":"vscode.github"},"activationEvent":"*"}
[2021-09-12 23:32:31.367] [exthost] [info] ExtensionService#loadCommonJSModule file:///home/chrispro-1/.vscode-server/bin/e7d7e9a9348e6a8cc8c03f877d39cb72e5dfb1ff/extensions/git/dist/main
[2021-09-12 23:32:31.594] [exthost] [info] ExtensionService#_doActivateExtension vscode.github {"startup":true,"extensionId":{"value":"vscode.github","_lower":"vscode.github"},"activationEvent":"*"}
[2021-09-12 23:32:31.594] [exthost] [info] ExtensionService#loadCommonJSModule file:///home/chrispro-1/.vscode-server/bin/e7d7e9a9348e6a8cc8c03f877d39cb72e5dfb1ff/extensions/github/dist/extension.js
[2021-09-12 23:32:31.681] [exthost] [info] ExtensionService#_doActivateExtension vscode.emmet {"startup":false,"extensionId":{"value":"vscode.emmet","_lower":"vscode.emmet"},"activationEvent":"onStartupFinished"}
[2021-09-12 23:32:31.681] [exthost] [info] ExtensionService#loadCommonJSModule file:///home/chrispro-1/.vscode-server/bin/e7d7e9a9348e6a8cc8c03f877d39cb72e5dfb1ff/extensions/emmet/dist/node/emmetNodeMain
[2021-09-12 23:32:31.701] [exthost] [info] ExtensionService#_doActivateExtension vscode.merge-conflict {"startup":false,"extensionId":{"value":"vscode.merge-conflict","_lower":"vscode.merge-conflict"},"activationEvent":"onStartupFinished"}
[2021-09-12 23:32:31.701] [exthost] [info] ExtensionService#loadCommonJSModule file:///home/chrispro-1/.vscode-server/bin/e7d7e9a9348e6a8cc8c03f877d39cb72e5dfb1ff/extensions/merge-conflict/dist/mergeConflictMain
[2021-09-12 23:32:31.706] [exthost] [info] eager extensions activated
[2021-09-12 23:32:31.713] [exthost] [info] ExtensionService#_doActivateExtension ms-vscode.js-debug {"startup":false,"extensionId":{"value":"ms-vscode.js-debug","_lower":"ms-vscode.js-debug"},"activationEvent":"onCommand:extension.js-debug.clearAutoAttachVariables"}
[2021-09-12 23:32:31.713] [exthost] [info] ExtensionService#loadCommonJSModule file:///home/chrispro-1/.vscode-server/bin/e7d7e9a9348e6a8cc8c03f877d39cb72e5dfb1ff/extensions/ms-vscode.js-debug/src/extension.js
[2021-09-12 23:32:32.035] [exthost] [info] extension host terminating: received terminate message from renderer
[2021-09-12 23:32:32.041] [exthost] [error] Activating extension vscode.emmet failed due to an error:
[2021-09-12 23:32:32.041] [exthost] [error] Canceled: Canceled
	at Object.n [as canceled] (/home/chrispro-1/.vscode-server/bin/e7d7e9a9348e6a8cc8c03f877d39cb72e5dfb1ff/out/vs/server/remoteExtensionHostProcess.js:5:1157)
	at /home/chrispro-1/.vscode-server/bin/e7d7e9a9348e6a8cc8c03f877d39cb72e5dfb1ff/out/vs/server/remoteExtensionHostProcess.js:98:8805
	at Array.forEach (<anonymous>)
	at i.dispose (/home/chrispro-1/.vscode-server/bin/e7d7e9a9348e6a8cc8c03f877d39cb72e5dfb1ff/out/vs/server/remoteExtensionHostProcess.js:98:8753)
	at E.terminate (/home/chrispro-1/.vscode-server/bin/e7d7e9a9348e6a8cc8c03f877d39cb72e5dfb1ff/out/vs/server/remoteExtensionHostProcess.js:103:682)
	at a (/home/chrispro-1/.vscode-server/bin/e7d7e9a9348e6a8cc8c03f877d39cb72e5dfb1ff/out/vs/server/remoteExtensionHostProcess.js:113:32208)
	at /home/chrispro-1/.vscode-server/bin/e7d7e9a9348e6a8cc8c03f877d39cb72e5dfb1ff/out/vs/server/remoteExtensionHostProcess.js:113:30124
	at c.fire (/home/chrispro-1/.vscode-server/bin/e7d7e9a9348e6a8cc8c03f877d39cb72e5dfb1ff/out/vs/server/remoteExtensionHostProcess.js:66:1712)
	at l.fire (/home/chrispro-1/.vscode-server/bin/e7d7e9a9348e6a8cc8c03f877d39cb72e5dfb1ff/out/vs/server/remoteExtensionHostProcess.js:74:15781)
	at r._receiveMessage (/home/chrispro-1/.vscode-server/bin/e7d7e9a9348e6a8cc8c03f877d39cb72e5dfb1ff/out/vs/server/remoteExtensionHostProcess.js:74:21051)
	at /home/chrispro-1/.vscode-server/bin/e7d7e9a9348e6a8cc8c03f877d39cb72e5dfb1ff/out/vs/server/remoteExtensionHostProcess.js:74:17929
	at c.fire (/home/chrispro-1/.vscode-server/bin/e7d7e9a9348e6a8cc8c03f877d39cb72e5dfb1ff/out/vs/server/remoteExtensionHostProcess.js:66:1712)
	at v.acceptChunk (/home/chrispro-1/.vscode-server/bin/e7d7e9a9348e6a8cc8c03f877d39cb72e5dfb1ff/out/vs/server/remoteExtensionHostProcess.js:74:13142)
	at /home/chrispro-1/.vscode-server/bin/e7d7e9a9348e6a8cc8c03f877d39cb72e5dfb1ff/out/vs/server/remoteExtensionHostProcess.js:74:12490
	at c.fire (/home/chrispro-1/.vscode-server/bin/e7d7e9a9348e6a8cc8c03f877d39cb72e5dfb1ff/out/vs/server/remoteExtensionHostProcess.js:66:1712)
	at /home/chrispro-1/.vscode-server/bin/e7d7e9a9348e6a8cc8c03f877d39cb72e5dfb1ff/out/vs/server/remoteExtensionHostProcess.js:113:19277
	at afterWrite (internal/streams/writable.js:466:5)
	at onwrite (internal/streams/writable.js:446:7)
	at InflateRaw.afterTransform (internal/streams/transform.js:103:3)
	at Zlib.processCallback (zlib.js:586:8)
[2021-09-12 23:32:32.044] [exthost] [error] Activating extension vscode.merge-conflict failed due to an error:
[2021-09-12 23:32:32.044] [exthost] [error] Canceled: Canceled
	at Object.n [as canceled] (/home/chrispro-1/.vscode-server/bin/e7d7e9a9348e6a8cc8c03f877d39cb72e5dfb1ff/out/vs/server/remoteExtensionHostProcess.js:5:1157)
	at /home/chrispro-1/.vscode-server/bin/e7d7e9a9348e6a8cc8c03f877d39cb72e5dfb1ff/out/vs/server/remoteExtensionHostProcess.js:98:8805
	at Array.forEach (<anonymous>)
	at i.dispose (/home/chrispro-1/.vscode-server/bin/e7d7e9a9348e6a8cc8c03f877d39cb72e5dfb1ff/out/vs/server/remoteExtensionHostProcess.js:98:8753)
	at E.terminate (/home/chrispro-1/.vscode-server/bin/e7d7e9a9348e6a8cc8c03f877d39cb72e5dfb1ff/out/vs/server/remoteExtensionHostProcess.js:103:682)
	at a (/home/chrispro-1/.vscode-server/bin/e7d7e9a9348e6a8cc8c03f877d39cb72e5dfb1ff/out/vs/server/remoteExtensionHostProcess.js:113:32208)
	at /home/chrispro-1/.vscode-server/bin/e7d7e9a9348e6a8cc8c03f877d39cb72e5dfb1ff/out/vs/server/remoteExtensionHostProcess.js:113:30124
	at c.fire (/home/chrispro-1/.vscode-server/bin/e7d7e9a9348e6a8cc8c03f877d39cb72e5dfb1ff/out/vs/server/remoteExtensionHostProcess.js:66:1712)
	at l.fire (/home/chrispro-1/.vscode-server/bin/e7d7e9a9348e6a8cc8c03f877d39cb72e5dfb1ff/out/vs/server/remoteExtensionHostProcess.js:74:15781)
	at r._receiveMessage (/home/chrispro-1/.vscode-server/bin/e7d7e9a9348e6a8cc8c03f877d39cb72e5dfb1ff/out/vs/server/remoteExtensionHostProcess.js:74:21051)
	at /home/chrispro-1/.vscode-server/bin/e7d7e9a9348e6a8cc8c03f877d39cb72e5dfb1ff/out/vs/server/remoteExtensionHostProcess.js:74:17929
	at c.fire (/home/chrispro-1/.vscode-server/bin/e7d7e9a9348e6a8cc8c03f877d39cb72e5dfb1ff/out/vs/server/remoteExtensionHostProcess.js:66:1712)
	at v.acceptChunk (/home/chrispro-1/.vscode-server/bin/e7d7e9a9348e6a8cc8c03f877d39cb72e5dfb1ff/out/vs/server/remoteExtensionHostProcess.js:74:13142)
	at /home/chrispro-1/.vscode-server/bin/e7d7e9a9348e6a8cc8c03f877d39cb72e5dfb1ff/out/vs/server/remoteExtensionHostProcess.js:74:12490
	at c.fire (/home/chrispro-1/.vscode-server/bin/e7d7e9a9348e6a8cc8c03f877d39cb72e5dfb1ff/out/vs/server/remoteExtensionHostProcess.js:66:1712)
	at /home/chrispro-1/.vscode-server/bin/e7d7e9a9348e6a8cc8c03f877d39cb72e5dfb1ff/out/vs/server/remoteExtensionHostProcess.js:113:19277
	at afterWrite (internal/streams/writable.js:466:5)
	at onwrite (internal/streams/writable.js:446:7)
	at InflateRaw.afterTransform (internal/streams/transform.js:103:3)
	at Zlib.processCallback (zlib.js:586:8)
[2021-09-12 23:32:32.047] [exthost] [error] Activating extension ms-vscode.js-debug failed due to an error:
[2021-09-12 23:32:32.047] [exthost] [error] Canceled: Canceled
	at Object.n [as canceled] (/home/chrispro-1/.vscode-server/bin/e7d7e9a9348e6a8cc8c03f877d39cb72e5dfb1ff/out/vs/server/remoteExtensionHostProcess.js:5:1157)
	at /home/chrispro-1/.vscode-server/bin/e7d7e9a9348e6a8cc8c03f877d39cb72e5dfb1ff/out/vs/server/remoteExtensionHostProcess.js:98:8805
	at Array.forEach (<anonymous>)
	at i.dispose (/home/chrispro-1/.vscode-server/bin/e7d7e9a9348e6a8cc8c03f877d39cb72e5dfb1ff/out/vs/server/remoteExtensionHostProcess.js:98:8753)
	at E.terminate (/home/chrispro-1/.vscode-server/bin/e7d7e9a9348e6a8cc8c03f877d39cb72e5dfb1ff/out/vs/server/remoteExtensionHostProcess.js:103:682)
	at a (/home/chrispro-1/.vscode-server/bin/e7d7e9a9348e6a8cc8c03f877d39cb72e5dfb1ff/out/vs/server/remoteExtensionHostProcess.js:113:32208)
	at /home/chrispro-1/.vscode-server/bin/e7d7e9a9348e6a8cc8c03f877d39cb72e5dfb1ff/out/vs/server/remoteExtensionHostProcess.js:113:30124
	at c.fire (/home/chrispro-1/.vscode-server/bin/e7d7e9a9348e6a8cc8c03f877d39cb72e5dfb1ff/out/vs/server/remoteExtensionHostProcess.js:66:1712)
	at l.fire (/home/chrispro-1/.vscode-server/bin/e7d7e9a9348e6a8cc8c03f877d39cb72e5dfb1ff/out/vs/server/remoteExtensionHostProcess.js:74:15781)
	at r._receiveMessage (/home/chrispro-1/.vscode-server/bin/e7d7e9a9348e6a8cc8c03f877d39cb72e5dfb1ff/out/vs/server/remoteExtensionHostProcess.js:74:21051)
	at /home/chrispro-1/.vscode-server/bin/e7d7e9a9348e6a8cc8c03f877d39cb72e5dfb1ff/out/vs/server/remoteExtensionHostProcess.js:74:17929
	at c.fire (/home/chrispro-1/.vscode-server/bin/e7d7e9a9348e6a8cc8c03f877d39cb72e5dfb1ff/out/vs/server/remoteExtensionHostProcess.js:66:1712)
	at v.acceptChunk (/home/chrispro-1/.vscode-server/bin/e7d7e9a9348e6a8cc8c03f877d39cb72e5dfb1ff/out/vs/server/remoteExtensionHostProcess.js:74:13142)
	at /home/chrispro-1/.vscode-server/bin/e7d7e9a9348e6a8cc8c03f877d39cb72e5dfb1ff/out/vs/server/remoteExtensionHostProcess.js:74:12490
	at c.fire (/home/chrispro-1/.vscode-server/bin/e7d7e9a9348e6a8cc8c03f877d39cb72e5dfb1ff/out/vs/server/remoteExtensionHostProcess.js:66:1712)
	at /home/chrispro-1/.vscode-server/bin/e7d7e9a9348e6a8cc8c03f877d39cb72e5dfb1ff/out/vs/server/remoteExtensionHostProcess.js:113:19277
	at afterWrite (internal/streams/writable.js:466:5)
	at onwrite (internal/streams/writable.js:446:7)
	at InflateRaw.afterTransform (internal/streams/transform.js:103:3)
	at Zlib.processCallback (zlib.js:586:8)
[2021-09-12 23:32:33.039] [exthost] [info] exiting with code 0
