Validating found git in: git
Using git 2.25.1 from git
> git rev-parse --git-dir
Open repository: /home/chrispro-1
> git status -z -u
> git symbolic-ref --short HEAD
> git check-ignore -v -z --stdin
> git for-each-ref --format=%(refname)%00%(upstream:short)%00%(objectname)%00%(upstream:track) refs/heads/master refs/remotes/master
> git for-each-ref --sort -committerdate --format %(refname) %(objectname) %(*objectname)
> git remote --verbose
> git config --get commit.template
> git check-ignore -v -z --stdin
> git show --textconv :hw5/main.py
> git ls-files --stage -- /home/chrispro-1/hw5/main.py
> git check-ignore -v -z --stdin
> git check-ignore -v -z --stdin
> git show --textconv :templates/index.html
> git ls-files --stage -- /home/chrispro-1/templates/index.html
> git show --textconv :hw5/main.py
> git ls-files --stage -- /home/chrispro-1/hw5/main.py
> git show --textconv :templates/index.html
> git ls-files --stage -- /home/chrispro-1/templates/index.html
> git show --textconv :.vscode/launch.json
> git ls-files --stage -- /home/chrispro-1/.vscode/launch.json
> git check-ignore -v -z --stdin
> git show --textconv :hw5/main.py
> git ls-files --stage -- /home/chrispro-1/hw5/main.py
> git show --textconv :templates/index.html
> git ls-files --stage -- /home/chrispro-1/templates/index.html
> git show --textconv :hw5/main.py
> git ls-files --stage -- /home/chrispro-1/hw5/main.py
> git show --textconv :templates/index.html
> git ls-files --stage -- /home/chrispro-1/templates/index.html
> git check-ignore -v -z --stdin
> git show --textconv :hw5/main.py
> git ls-files --stage -- /home/chrispro-1/hw5/main.py
> git show --textconv :templates/index.html
> git ls-files --stage -- /home/chrispro-1/templates/index.html
> git show --textconv :.vscode/launch.json
> git ls-files --stage -- /home/chrispro-1/.vscode/launch.json
> git check-ignore -v -z --stdin
> git show --textconv :templates/index.html
> git ls-files --stage -- /home/chrispro-1/templates/index.html
> git show --textconv :hw5/main.py
> git ls-files --stage -- /home/chrispro-1/hw5/main.py
> git show --textconv :.vscode/launch.json
> git ls-files --stage -- /home/chrispro-1/.vscode/launch.json
> git show --textconv :templates/index.html
> git ls-files --stage -- /home/chrispro-1/templates/index.html
> git show --textconv :.vscode/launch.json
> git ls-files --stage -- /home/chrispro-1/.vscode/launch.json
> git show --textconv :templates/index.html
> git ls-files --stage -- /home/chrispro-1/templates/index.html
> git show --textconv :.vscode/launch.json
> git ls-files --stage -- /home/chrispro-1/.vscode/launch.json
> git show --textconv :templates/index.html
> git ls-files --stage -- /home/chrispro-1/templates/index.html
> git show --textconv :.vscode/launch.json
> git ls-files --stage -- /home/chrispro-1/.vscode/launch.json
> git show --textconv :hw5/main.py
> git ls-files --stage -- /home/chrispro-1/hw5/main.py
> git show --textconv :.vscode/launch.json
> git ls-files --stage -- /home/chrispro-1/.vscode/launch.json
> git show --textconv :hw5/main.py
> git ls-files --stage -- /home/chrispro-1/hw5/main.py
> git show --textconv :templates/index.html
> git ls-files --stage -- /home/chrispro-1/templates/index.html
> git show --textconv :hw5/main.py
> git ls-files --stage -- /home/chrispro-1/hw5/main.py
> git check-ignore -v -z --stdin
> git show --textconv :templates/index.html
> git ls-files --stage -- /home/chrispro-1/templates/index.html
> git show --textconv :hw5/main.py
> git ls-files --stage -- /home/chrispro-1/hw5/main.py
> git show --textconv :templates/index.html
> git ls-files --stage -- /home/chrispro-1/templates/index.html
> git show --textconv :hw5/main.py
> git ls-files --stage -- /home/chrispro-1/hw5/main.py
> git ls-files --stage -- /home/chrispro-1/hw5/main.py
> git show --textconv :hw5/main.py
> git show --textconv :templates/index.html
> git ls-files --stage -- /home/chrispro-1/templates/index.html
> git show --textconv :hw5/main.py
> git ls-files --stage -- /home/chrispro-1/hw5/main.py
> git show --textconv :templates/index.html
> git ls-files --stage -- /home/chrispro-1/templates/index.html
> git show --textconv :.vscode/launch.json
> git ls-files --stage -- /home/chrispro-1/.vscode/launch.json
> git show --textconv :hw5/main.py
> git ls-files --stage -- /home/chrispro-1/hw5/main.py
> git show --textconv :templates/index.html
> git ls-files --stage -- /home/chrispro-1/templates/index.html
> git show --textconv :hw5/main.py
> git ls-files --stage -- /home/chrispro-1/hw5/main.py
> git show --textconv :templates/index.html
> git ls-files --stage -- /home/chrispro-1/templates/index.html
> git show --textconv :hw5/main.py
> git ls-files --stage -- /home/chrispro-1/hw5/main.py
> git show --textconv :templates/index.html
> git ls-files --stage -- /home/chrispro-1/templates/index.html
> git show --textconv :hw5/main.py
> git ls-files --stage -- /home/chrispro-1/hw5/main.py
> git show --textconv :templates/index.html
> git ls-files --stage -- /home/chrispro-1/templates/index.html
> git show --textconv :hw5/main.py
> git ls-files --stage -- /home/chrispro-1/hw5/main.py
> git show --textconv :templates/index.html
> git ls-files --stage -- /home/chrispro-1/templates/index.html
> git show --textconv :hw5/main.py
> git ls-files --stage -- /home/chrispro-1/hw5/main.py
> git show --textconv :templates/index.html
> git ls-files --stage -- /home/chrispro-1/templates/index.html
> git show --textconv :hw5/main.py
> git ls-files --stage -- /home/chrispro-1/hw5/main.py
> git show --textconv :templates/index.html
> git ls-files --stage -- /home/chrispro-1/templates/index.html
> git show --textconv :.vscode/launch.json
> git ls-files --stage -- /home/chrispro-1/.vscode/launch.json
> git show --textconv :hw5/main.py
> git ls-files --stage -- /home/chrispro-1/hw5/main.py
> git log --format=%H%n%aN%n%aE%n%at%n%ct%n%P%n%B -z -n21 -- /home/chrispro-1/hw5/main.py
fatal: your current branch 'master' does not have any commits yet
> git show --textconv :templates/index.html
> git ls-files --stage -- /home/chrispro-1/templates/index.html
> git show --textconv :hw5/main.py
> git ls-files --stage -- /home/chrispro-1/hw5/main.py
> git show --textconv :templates/index.html
> git ls-files --stage -- /home/chrispro-1/templates/index.html
> git show --textconv :.vscode/launch.json
> git ls-files --stage -- /home/chrispro-1/.vscode/launch.json
> git show --textconv :hw5/main.py
> git ls-files --stage -- /home/chrispro-1/hw5/main.py
> git show --textconv :templates/index.html
> git ls-files --stage -- /home/chrispro-1/templates/index.html
> git ls-files --stage -- /home/chrispro-1/templates/index.html
> git show --textconv :templates/index.html
> git show --textconv :hw5/main.py
> git ls-files --stage -- /home/chrispro-1/hw5/main.py
> git show --textconv :templates/index.html
> git ls-files --stage -- /home/chrispro-1/templates/index.html
> git show --textconv :hw5/main.py
> git ls-files --stage -- /home/chrispro-1/hw5/main.py
> git show --textconv :templates/index.html
> git ls-files --stage -- /home/chrispro-1/templates/index.html
> git show --textconv :hw5/main.py
> git ls-files --stage -- /home/chrispro-1/hw5/main.py
> git check-ignore -v -z --stdin
> git check-ignore -v -z --stdin
> git show --textconv :hw5/templates/index.html
> git ls-files --stage -- /home/chrispro-1/hw5/templates/index.html
> git show --textconv :hw5/main.py
> git ls-files --stage -- /home/chrispro-1/hw5/main.py
> git show --textconv :hw5/templates/index.html
> git ls-files --stage -- /home/chrispro-1/hw5/templates/index.html
> git show --textconv :hw5/main.py
> git ls-files --stage -- /home/chrispro-1/hw5/main.py
