[2021-09-10 00:02:38.034] [exthost] [info] extension host started
[2021-09-10 00:02:38.097] [exthost] [info] Lock '/home/chrispro-1/.vscode-server/data/User/workspaceStorage/60c3fc2a658f2bf06a5a9da1ccad7b51/vscode.lock': Lock acquired.
[2021-09-10 00:02:38.159] [exthost] [info] ExtensionService#_doActivateExtension ms-python.python {"startup":false,"extensionId":{"value":"ms-python.vscode-pylance","_lower":"ms-python.vscode-pylance"},"activationEvent":"onLanguage:python"}
[2021-09-10 00:02:38.160] [exthost] [info] ExtensionService#loadCommonJSModule file:///home/chrispro-1/.vscode-server/extensions/ms-python.python-2021.9.1191016588/out/client/extension
[2021-09-10 00:02:39.022] [exthost] [info] ExtensionService#_doActivateExtension ms-toolsai.jupyter {"startup":false,"extensionId":{"value":"ms-toolsai.jupyter","_lower":"ms-toolsai.jupyter"},"activationEvent":"onLanguage:python"}
[2021-09-10 00:02:39.022] [exthost] [info] ExtensionService#loadCommonJSModule file:///home/chrispro-1/.vscode-server/extensions/ms-toolsai.jupyter-2021.8.2041215044/out/client/extension
[2021-09-10 00:02:40.332] [exthost] [info] ExtensionService#_doActivateExtension vscode.debug-auto-launch {"startup":true,"extensionId":{"value":"vscode.debug-auto-launch","_lower":"vscode.debug-auto-launch"},"activationEvent":"*"}
[2021-09-10 00:02:40.332] [exthost] [info] ExtensionService#loadCommonJSModule file:///home/chrispro-1/.vscode-server/bin/e7d7e9a9348e6a8cc8c03f877d39cb72e5dfb1ff/extensions/debug-auto-launch/dist/extension
[2021-09-10 00:02:40.344] [exthost] [info] ExtensionService#_doActivateExtension vscode.git {"startup":true,"extensionId":{"value":"vscode.github","_lower":"vscode.github"},"activationEvent":"*"}
[2021-09-10 00:02:40.344] [exthost] [info] ExtensionService#loadCommonJSModule file:///home/chrispro-1/.vscode-server/bin/e7d7e9a9348e6a8cc8c03f877d39cb72e5dfb1ff/extensions/git/dist/main
[2021-09-10 00:02:40.700] [exthost] [info] ExtensionService#_doActivateExtension vscode.github {"startup":true,"extensionId":{"value":"vscode.github","_lower":"vscode.github"},"activationEvent":"*"}
[2021-09-10 00:02:40.701] [exthost] [info] ExtensionService#loadCommonJSModule file:///home/chrispro-1/.vscode-server/bin/e7d7e9a9348e6a8cc8c03f877d39cb72e5dfb1ff/extensions/github/dist/extension.js
[2021-09-10 00:02:42.062] [exthost] [info] ExtensionService#_doActivateExtension vscode.emmet {"startup":false,"extensionId":{"value":"vscode.emmet","_lower":"vscode.emmet"},"activationEvent":"onStartupFinished"}
[2021-09-10 00:02:42.064] [exthost] [info] ExtensionService#loadCommonJSModule file:///home/chrispro-1/.vscode-server/bin/e7d7e9a9348e6a8cc8c03f877d39cb72e5dfb1ff/extensions/emmet/dist/node/emmetNodeMain
[2021-09-10 00:02:42.122] [exthost] [info] ExtensionService#_doActivateExtension vscode.merge-conflict {"startup":false,"extensionId":{"value":"vscode.merge-conflict","_lower":"vscode.merge-conflict"},"activationEvent":"onStartupFinished"}
[2021-09-10 00:02:42.129] [exthost] [info] ExtensionService#loadCommonJSModule file:///home/chrispro-1/.vscode-server/bin/e7d7e9a9348e6a8cc8c03f877d39cb72e5dfb1ff/extensions/merge-conflict/dist/mergeConflictMain
[2021-09-10 00:02:42.141] [exthost] [info] eager extensions activated
[2021-09-10 00:02:42.544] [exthost] [info] ExtensionService#_doActivateExtension ms-vscode.js-debug {"startup":false,"extensionId":{"value":"ms-vscode.js-debug","_lower":"ms-vscode.js-debug"},"activationEvent":"onCommand:extension.js-debug.clearAutoAttachVariables"}
[2021-09-10 00:02:42.546] [exthost] [info] ExtensionService#loadCommonJSModule file:///home/chrispro-1/.vscode-server/bin/e7d7e9a9348e6a8cc8c03f877d39cb72e5dfb1ff/extensions/ms-vscode.js-debug/src/extension.js
[2021-09-10 00:02:43.729] [exthost] [error] {"message":"Git error","stdout":"","stderr":"fatal: Pathspec '/home/chrispro-1/hw3/hw3.py' is in submodule 'hw3'\n","exitCode":128,"gitErrorCode":"IsInSubmodule"}
[2021-09-10 00:02:43.730] [exthost] [error] {"message":"Git error","stdout":"","stderr":"fatal: Pathspec '/home/chrispro-1/hw3/hw3.py' is in submodule 'hw3'\n","exitCode":128,"gitErrorCode":"IsInSubmodule"}
[2021-09-10 00:02:43.731] [exthost] [error] {"message":"Git error","stdout":"","stderr":"fatal: Pathspec '/home/chrispro-1/hw3/hw3.py' is in submodule 'hw3'\n","exitCode":128,"gitErrorCode":"IsInSubmodule"}
[2021-09-10 00:02:43.731] [exthost] [error] {"message":"Git error","stdout":"","stderr":"fatal: Pathspec '/home/chrispro-1/hw3/hw3.py' is in submodule 'hw3'\n","exitCode":128,"gitErrorCode":"IsInSubmodule"}
[2021-09-10 00:02:43.732] [exthost] [error] {"message":"Git error","stdout":"","stderr":"fatal: Pathspec '/home/chrispro-1/hw3/hw3.py' is in submodule 'hw3'\n","exitCode":128,"gitErrorCode":"IsInSubmodule"}
[2021-09-10 00:02:43.732] [exthost] [error] {"message":"Git error","stdout":"","stderr":"fatal: Pathspec '/home/chrispro-1/hw3/hw3.py' is in submodule 'hw3'\n","exitCode":128,"gitErrorCode":"IsInSubmodule"}
[2021-09-10 00:02:43.733] [exthost] [error] {"message":"Git error","stdout":"","stderr":"fatal: Pathspec '/home/chrispro-1/hw3/hw3.py' is in submodule 'hw3'\n","exitCode":128,"gitErrorCode":"IsInSubmodule"}
[2021-09-10 00:02:43.733] [exthost] [error] {"message":"Git error","stdout":"","stderr":"fatal: Pathspec '/home/chrispro-1/hw3/hw3.py' is in submodule 'hw3'\n","exitCode":128,"gitErrorCode":"IsInSubmodule"}
[2021-09-10 00:02:43.733] [exthost] [error] {"message":"Git error","stdout":"","stderr":"fatal: Pathspec '/home/chrispro-1/hw3/hw3.py' is in submodule 'hw3'\n","exitCode":128,"gitErrorCode":"IsInSubmodule"}
[2021-09-10 00:02:43.734] [exthost] [error] {"message":"Git error","stdout":"","stderr":"fatal: Pathspec '/home/chrispro-1/hw3/hw3.py' is in submodule 'hw3'\n","exitCode":128,"gitErrorCode":"IsInSubmodule"}
[2021-09-10 00:02:43.734] [exthost] [error] {"message":"Git error","stdout":"","stderr":"fatal: Pathspec '/home/chrispro-1/hw3/hw3.py' is in submodule 'hw3'\n","exitCode":128,"gitErrorCode":"IsInSubmodule"}
[2021-09-10 00:02:43.734] [exthost] [error] {"message":"Git error","stdout":"","stderr":"fatal: Pathspec '/home/chrispro-1/hw3/hw3.py' is in submodule 'hw3'\n","exitCode":128,"gitErrorCode":"IsInSubmodule"}
[2021-09-10 00:02:43.734] [exthost] [error] {"message":"Git error","stdout":"","stderr":"fatal: Pathspec '/home/chrispro-1/hw3/hw3.py' is in submodule 'hw3'\n","exitCode":128,"gitErrorCode":"IsInSubmodule"}
[2021-09-10 00:02:43.734] [exthost] [error] {"message":"Git error","stdout":"","stderr":"fatal: Pathspec '/home/chrispro-1/hw3/hw3.py' is in submodule 'hw3'\n","exitCode":128,"gitErrorCode":"IsInSubmodule"}
[2021-09-10 00:02:43.734] [exthost] [error] {"message":"Git error","stdout":"","stderr":"fatal: Pathspec '/home/chrispro-1/hw3/hw3.py' is in submodule 'hw3'\n","exitCode":128,"gitErrorCode":"IsInSubmodule"}
[2021-09-10 00:02:43.734] [exthost] [error] {"message":"Git error","stdout":"","stderr":"fatal: Pathspec '/home/chrispro-1/hw3/hw3.py' is in submodule 'hw3'\n","exitCode":128,"gitErrorCode":"IsInSubmodule"}
[2021-09-10 00:02:43.734] [exthost] [error] {"message":"Git error","stdout":"","stderr":"fatal: Pathspec '/home/chrispro-1/hw3/hw3.py' is in submodule 'hw3'\n","exitCode":128,"gitErrorCode":"IsInSubmodule"}
[2021-09-10 00:02:43.734] [exthost] [error] {"message":"Git error","stdout":"","stderr":"fatal: Pathspec '/home/chrispro-1/hw3/hw3.py' is in submodule 'hw3'\n","exitCode":128,"gitErrorCode":"IsInSubmodule"}
[2021-09-10 00:02:43.734] [exthost] [error] {"message":"Git error","stdout":"","stderr":"fatal: Pathspec '/home/chrispro-1/hw3/hw3.py' is in submodule 'hw3'\n","exitCode":128,"gitErrorCode":"IsInSubmodule"}
[2021-09-10 00:02:43.734] [exthost] [error] {"message":"Git error","stdout":"","stderr":"fatal: Pathspec '/home/chrispro-1/hw3/hw3.py' is in submodule 'hw3'\n","exitCode":128,"gitErrorCode":"IsInSubmodule"}
[2021-09-10 00:02:43.734] [exthost] [error] {"message":"Git error","stdout":"","stderr":"fatal: Pathspec '/home/chrispro-1/hw3/hw3.py' is in submodule 'hw3'\n","exitCode":128,"gitErrorCode":"IsInSubmodule"}
[2021-09-10 00:02:43.734] [exthost] [error] {"message":"Git error","stdout":"","stderr":"fatal: Pathspec '/home/chrispro-1/hw3/hw3.py' is in submodule 'hw3'\n","exitCode":128,"gitErrorCode":"IsInSubmodule"}
[2021-09-10 00:02:43.734] [exthost] [error] {"message":"Git error","stdout":"","stderr":"fatal: Pathspec '/home/chrispro-1/hw3/hw3.py' is in submodule 'hw3'\n","exitCode":128,"gitErrorCode":"IsInSubmodule"}
[2021-09-10 00:02:43.734] [exthost] [error] {"message":"Git error","stdout":"","stderr":"fatal: Pathspec '/home/chrispro-1/hw3/hw3.py' is in submodule 'hw3'\n","exitCode":128,"gitErrorCode":"IsInSubmodule"}
[2021-09-10 00:02:43.734] [exthost] [error] {"message":"Git error","stdout":"","stderr":"fatal: Pathspec '/home/chrispro-1/hw3/hw3.py' is in submodule 'hw3'\n","exitCode":128,"gitErrorCode":"IsInSubmodule"}
[2021-09-10 00:02:43.734] [exthost] [error] {"message":"Git error","stdout":"","stderr":"fatal: Pathspec '/home/chrispro-1/hw3/hw3.py' is in submodule 'hw3'\n","exitCode":128,"gitErrorCode":"IsInSubmodule"}
[2021-09-10 00:02:43.734] [exthost] [error] {"message":"Git error","stdout":"","stderr":"fatal: Pathspec '/home/chrispro-1/hw3/hw3.py' is in submodule 'hw3'\n","exitCode":128,"gitErrorCode":"IsInSubmodule"}
[2021-09-10 00:02:43.734] [exthost] [error] {"message":"Git error","stdout":"","stderr":"fatal: Pathspec '/home/chrispro-1/hw3/hw3.py' is in submodule 'hw3'\n","exitCode":128,"gitErrorCode":"IsInSubmodule"}
[2021-09-10 00:02:43.734] [exthost] [error] {"message":"Git error","stdout":"","stderr":"fatal: Pathspec '/home/chrispro-1/hw3/hw3.py' is in submodule 'hw3'\n","exitCode":128,"gitErrorCode":"IsInSubmodule"}
[2021-09-10 00:02:43.734] [exthost] [error] {"message":"Git error","stdout":"","stderr":"fatal: Pathspec '/home/chrispro-1/hw3/hw3.py' is in submodule 'hw3'\n","exitCode":128,"gitErrorCode":"IsInSubmodule"}
[2021-09-10 00:02:43.734] [exthost] [error] {"message":"Git error","stdout":"","stderr":"fatal: Pathspec '/home/chrispro-1/hw3/hw3.py' is in submodule 'hw3'\n","exitCode":128,"gitErrorCode":"IsInSubmodule"}
[2021-09-10 00:02:43.734] [exthost] [error] {"message":"Git error","stdout":"","stderr":"fatal: Pathspec '/home/chrispro-1/hw3/hw3.py' is in submodule 'hw3'\n","exitCode":128,"gitErrorCode":"IsInSubmodule"}
[2021-09-10 00:02:43.744] [exthost] [info] ExtensionService#_doActivateExtension ms-python.vscode-pylance {"startup":false,"extensionId":{"value":"ms-python.vscode-pylance","_lower":"ms-python.vscode-pylance"},"activationEvent":"onLanguage:python"}
[2021-09-10 00:02:43.746] [exthost] [info] ExtensionService#loadCommonJSModule file:///home/chrispro-1/.vscode-server/extensions/ms-python.vscode-pylance-2021.9.1/dist/extension.bundle.js
[2021-09-10 00:02:52.918] [exthost] [warning] [Decorations] CAPPING events from decorations provider vscode.git 5000
[2021-09-10 00:02:54.551] [exthost] [info] ExtensionService#_doActivateExtension vscode.configuration-editing {"startup":false,"extensionId":{"value":"vscode.configuration-editing","_lower":"vscode.configuration-editing"},"activationEvent":"onLanguage:jsonc"}
[2021-09-10 00:02:54.552] [exthost] [info] ExtensionService#loadCommonJSModule file:///home/chrispro-1/.vscode-server/bin/e7d7e9a9348e6a8cc8c03f877d39cb72e5dfb1ff/extensions/configuration-editing/dist/configurationEditingMain
[2021-09-10 00:02:54.563] [exthost] [info] ExtensionService#_doActivateExtension vscode.json-language-features {"startup":false,"extensionId":{"value":"vscode.json-language-features","_lower":"vscode.json-language-features"},"activationEvent":"onLanguage:jsonc"}
[2021-09-10 00:02:54.563] [exthost] [info] ExtensionService#loadCommonJSModule file:///home/chrispro-1/.vscode-server/bin/e7d7e9a9348e6a8cc8c03f877d39cb72e5dfb1ff/extensions/json-language-features/client/dist/node/jsonClientMain
[2021-09-10 00:02:54.636] [exthost] [info] ExtensionService#_doActivateExtension vscode.typescript-language-features {"startup":false,"extensionId":{"value":"vscode.typescript-language-features","_lower":"vscode.typescript-language-features"},"activationEvent":"onLanguage:jsonc"}
[2021-09-10 00:02:54.637] [exthost] [info] ExtensionService#loadCommonJSModule file:///home/chrispro-1/.vscode-server/bin/e7d7e9a9348e6a8cc8c03f877d39cb72e5dfb1ff/extensions/typescript-language-features/dist/extension
[2021-09-10 00:02:58.624] [exthost] [error] [ms-python.python] provider FAILED
[2021-09-10 00:02:58.625] [exthost] [error] Canceled: Canceled
	at _.makeCancelError (/home/chrispro-1/.vscode-server/extensions/ms-python.python-2021.9.1191016588/out/client/extension.js:9:155142)
	at _.handleFailedRequest (/home/chrispro-1/.vscode-server/extensions/ms-python.python-2021.9.1191016588/out/client/extension.js:9:154993)
	at /home/chrispro-1/.vscode-server/extensions/ms-python.python-2021.9.1191016588/out/client/extension.js:9:119981
	at async l.provideDocumentSymbols (/home/chrispro-1/.vscode-server/bin/e7d7e9a9348e6a8cc8c03f877d39cb72e5dfb1ff/out/vs/server/remoteExtensionHostProcess.js:94:163113)
[2021-09-10 00:14:27.274] [exthost] [info] extension host terminating: received terminate message from renderer
[2021-09-10 00:14:27.274] [exthost] [info] Lock '/home/chrispro-1/.vscode-server/data/User/workspaceStorage/60c3fc2a658f2bf06a5a9da1ccad7b51/vscode.lock': Marking the lockfile as scheduled to be released in 6000 ms.
[2021-09-10 00:14:28.330] [exthost] [info] exiting with code 0
